<?xml version="1.0" encoding="UTF-8"?>
<!-- Generated by org.testng.reporters.JUnitXMLReporter -->
<testsuite hostname="asus" name="Default test" tests="10" failures="3" timestamp="27 Oct 2018 07:55:19 GMT" time="66.758" errors="0">
  <testcase name="@BeforeSuite setupChromeDriver" time="0.0" classname="Pages.MakeMyTripPage">
    <failure type="java.lang.NullPointerException">
      <![CDATA[java.lang.NullPointerException
	at org.testng.internal.Invoker.invokeConfigurations(Invoker.java:178)
	at org.testng.internal.Invoker.invokeConfigurations(Invoker.java:138)
	at org.testng.SuiteRunner.privateRun(SuiteRunner.java:277)
	at org.testng.SuiteRunner.run(SuiteRunner.java:240)
	at org.testng.SuiteRunnerWorker.runSuite(SuiteRunnerWorker.java:52)
	at org.testng.SuiteRunnerWorker.run(SuiteRunnerWorker.java:86)
	at org.testng.TestNG.runSuitesSequentially(TestNG.java:1198)
	at org.testng.TestNG.runSuitesLocally(TestNG.java:1123)
	at org.testng.TestNG.run(TestNG.java:1031)
	at org.testng.remote.AbstractRemoteTestNG.run(AbstractRemoteTestNG.java:114)
	at org.testng.remote.RemoteTestNG.initAndRun(RemoteTestNG.java:251)
	at org.testng.remote.RemoteTestNG.main(RemoteTestNG.java:77)
]]>
    </failure>
  </testcase> <!-- @BeforeSuite setupChromeDriver -->
  <testcase name="@BeforeClass setup" time="0.0" classname="Tests.MakeMyTripTest">
    <failure type="java.lang.StackOverflowError">
      <![CDATA[java.lang.StackOverflowError
	at sun.reflect.generics.parser.SignatureParser.parsePackageNameAndSimpleClassTypeSignature(SignatureParser.java:328)
	at sun.reflect.generics.parser.SignatureParser.parseClassTypeSignature(SignatureParser.java:310)
	at sun.reflect.generics.parser.SignatureParser.parseFieldTypeSignature(SignatureParser.java:289)
	at sun.reflect.generics.parser.SignatureParser.parseFieldTypeSignature(SignatureParser.java:283)
	at sun.reflect.generics.parser.SignatureParser.parseTypeArgument(SignatureParser.java:436)
	at sun.reflect.generics.parser.SignatureParser.parseTypeArguments(SignatureParser.java:396)
	at sun.reflect.generics.parser.SignatureParser.parsePackageNameAndSimpleClassTypeSignature(SignatureParser.java:346)
	at sun.reflect.generics.parser.SignatureParser.parseClassTypeSignature(SignatureParser.java:310)
	at sun.reflect.generics.parser.SignatureParser.parseFieldTypeSignature(SignatureParser.java:289)
	at sun.reflect.generics.parser.SignatureParser.parseFieldTypeSignature(SignatureParser.java:283)
	at sun.reflect.generics.parser.SignatureParser.parseTypeSignature(SignatureParser.java:485)
	at sun.reflect.generics.parser.SignatureParser.parseTypeSig(SignatureParser.java:188)
	at sun.reflect.generics.repository.FieldRepository.parse(FieldRepository.java:52)
	at sun.reflect.generics.repository.FieldRepository.parse(FieldRepository.java:42)
	at sun.reflect.generics.repository.AbstractRepository.<init>(AbstractRepository.java:74)
	at sun.reflect.generics.repository.FieldRepository.<init>(FieldRepository.java:48)
	at sun.reflect.generics.repository.FieldRepository.make(FieldRepository.java:66)
	at java.lang.reflect.Field.getGenericInfo(Field.java:105)
	at java.lang.reflect.Field.getGenericType(Field.java:247)
	at org.openqa.selenium.support.pagefactory.DefaultFieldDecorator.isDecoratableList(DefaultFieldDecorator.java:77)
	at org.openqa.selenium.support.pagefactory.DefaultFieldDecorator.decorate(DefaultFieldDecorator.java:52)
	at org.openqa.selenium.support.PageFactory.proxyFields(PageFactory.java:113)
	at org.openqa.selenium.support.PageFactory.initElements(PageFactory.java:105)
	at org.openqa.selenium.support.PageFactory.initElements(PageFactory.java:92)
	at org.openqa.selenium.support.PageFactory.initElements(PageFactory.java:79)
	at Pages.MakeMyTripPage.<init>(MakeMyTripPage.java:31)
	at Pages.MakeMyTripPage.<init>(MakeMyTripPage.java:34)
	at Pages.MakeMyTripPage.<init>(MakeMyTripPage.java:34)
	at Pages.MakeMyTripPage.<init>(MakeMyTripPage.java:34)
	at Pages.MakeMyTripPage.<init>(MakeMyTripPage.java:34)
	at Pages.MakeMyTripPage.<init>(MakeMyTripPage.java:34)
	at Pages.MakeMyTripPage.<init>(MakeMyTripPage.java:34)
	at Pages.MakeMyTripPage.<init>(MakeMyTripPage.java:34)
	at Pages.MakeMyTripPage.<init>(MakeMyTripPage.java:34)
	at Pages.MakeMyTripPage.<init>(MakeMyTripPage.java:34)
	at Pages.MakeMyTripPage.<init>(MakeMyTripPage.java:34)
	at Pages.MakeMyTripPage.<init>(MakeMyTripPage.java:34)
	at Pages.MakeMyTripPage.<init>(MakeMyTripPage.java:34)
	at Pages.MakeMyTripPage.<init>(MakeMyTripPage.java:34)
	at Pages.MakeMyTripPage.<init>(MakeMyTripPage.java:34)
	at Pages.MakeMyTripPage.<init>(MakeMyTripPage.java:34)
	at Pages.MakeMyTripPage.<init>(MakeMyTripPage.java:34)
	at Pages.MakeMyTripPage.<init>(MakeMyTripPage.java:34)
	at Pages.MakeMyTripPage.<init>(MakeMyTripPage.java:34)
	at Pages.MakeMyTripPage.<init>(MakeMyTripPage.java:34)
	at Pages.MakeMyTripPage.<init>(MakeMyTripPage.java:34)
	at Pages.MakeMyTripPage.<init>(MakeMyTripPage.java:34)
	at Pages.MakeMyTripPage.<init>(MakeMyTripPage.java:34)
	at Pages.MakeMyTripPage.<init>(MakeMyTripPage.java:34)
	at Pages.MakeMyTripPage.<init>(MakeMyTripPage.java:34)
	at Pages.MakeMyTripPage.<init>(MakeMyTripPage.java:34)
	at Pages.MakeMyTripPage.<init>(MakeMyTripPage.java:34)
	at Pages.MakeMyTripPage.<init>(MakeMyTripPage.java:34)
	at Pages.MakeMyTripPage.<init>(MakeMyTripPage.java:34)
	at Pages.MakeMyTripPage.<init>(MakeMyTripPage.java:34)
	at Pages.MakeMyTripPage.<init>(MakeMyTripPage.java:34)
	at Pages.MakeMyTripPage.<init>(MakeMyTripPage.java:34)
	at Pages.MakeMyTripPage.<init>(MakeMyTripPage.java:34)
	at Pages.MakeMyTripPage.<init>(MakeMyTripPage.java:34)
	at Pages.MakeMyTripPage.<init>(MakeMyTripPage.java:34)
	at Pages.MakeMyTripPage.<init>(MakeMyTripPage.java:34)
	at Pages.MakeMyTripPage.<init>(MakeMyTripPage.java:34)
	at Pages.MakeMyTripPage.<init>(MakeMyTripPage.java:34)
	at Pages.MakeMyTripPage.<init>(MakeMyTripPage.java:34)
	at Pages.MakeMyTripPage.<init>(MakeMyTripPage.java:34)
	at Pages.MakeMyTripPage.<init>(MakeMyTripPage.java:34)
	at Pages.MakeMyTripPage.<init>(MakeMyTripPage.java:34)
	at Pages.MakeMyTripPage.<init>(MakeMyTripPage.java:34)
	at Pages.MakeMyTripPage.<init>(MakeMyTripPage.java:34)
	at Pages.MakeMyTripPage.<init>(MakeMyTripPage.java:34)
	at Pages.MakeMyTripPage.<init>(MakeMyTripPage.java:34)
	at Pages.MakeMyTripPage.<init>(MakeMyTripPage.java:34)
	at Pages.MakeMyTripPage.<init>(MakeMyTripPage.java:34)
	at Pages.MakeMyTripPage.<init>(MakeMyTripPage.java:34)
	at Pages.MakeMyTripPage.<init>(MakeMyTripPage.java:34)
	at Pages.MakeMyTripPage.<init>(MakeMyTripPage.java:34)
	at Pages.MakeMyTripPage.<init>(MakeMyTripPage.java:34)
	at Pages.MakeMyTripPage.<init>(MakeMyTripPage.java:34)
	at Pages.MakeMyTripPage.<init>(MakeMyTripPage.java:34)
	at Pages.MakeMyTripPage.<init>(MakeMyTripPage.java:34)
	at Pages.MakeMyTripPage.<init>(MakeMyTripPage.java:34)
	at Pages.MakeMyTripPage.<init>(MakeMyTripPage.java:34)
	at Pages.MakeMyTripPage.<init>(MakeMyTripPage.java:34)
	at Pages.MakeMyTripPage.<init>(MakeMyTripPage.java:34)
	at Pages.MakeMyTripPage.<init>(MakeMyTripPage.java:34)
	at Pages.MakeMyTripPage.<init>(MakeMyTripPage.java:34)
	at Pages.MakeMyTripPage.<init>(MakeMyTripPage.java:34)
	at Pages.MakeMyTripPage.<init>(MakeMyTripPage.java:34)
	at Pages.MakeMyTripPage.<init>(MakeMyTripPage.java:34)
	at Pages.MakeMyTripPage.<init>(MakeMyTripPage.java:34)
	at Pages.MakeMyTripPage.<init>(MakeMyTripPage.java:34)
	at Pages.MakeMyTripPage.<init>(MakeMyTripPage.java:34)
	at Pages.MakeMyTripPage.<init>(MakeMyTripPage.java:34)
	at Pages.MakeMyTripPage.<init>(MakeMyTripPage.java:34)
	at Pages.MakeMyTripPage.<init>(MakeMyTripPage.java:34)
	at Pages.MakeMyTripPage.<init>(MakeMyTripPage.java:34)
	at Pages.MakeMyTripPage.<init>(MakeMyTripPage.java:34)
	at Pages.MakeMyTripPage.<init>(MakeMyTripPage.java:34)
	at Pages.MakeMyTripPage.<init>(MakeMyTripPage.java:34)
	at Pages.MakeMyTripPage.<init>(MakeMyTripPage.java:34)
	at Pages.MakeMyTripPage.<init>(MakeMyTripPage.java:34)
	at Pages.MakeMyTripPage.<init>(MakeMyTripPage.java:34)
	at Pages.MakeMyTripPage.<init>(MakeMyTripPage.java:34)
	at Pages.MakeMyTripPage.<init>(MakeMyTripPage.java:34)
	at Pages.MakeMyTripPage.<init>(MakeMyTripPage.java:34)
	at Pages.MakeMyTripPage.<init>(MakeMyTripPage.java:34)
	at Pages.MakeMyTripPage.<init>(MakeMyTripPage.java:34)
	at Pages.MakeMyTripPage.<init>(MakeMyTripPage.java:34)
	at Pages.MakeMyTripPage.<init>(MakeMyTripPage.java:34)
	at Pages.MakeMyTripPage.<init>(MakeMyTripPage.java:34)
	at Pages.MakeMyTripPage.<init>(MakeMyTripPage.java:34)
	at Pages.MakeMyTripPage.<init>(MakeMyTripPage.java:34)
	at Pages.MakeMyTripPage.<init>(MakeMyTripPage.java:34)
	at Pages.MakeMyTripPage.<init>(MakeMyTripPage.java:34)
	at Pages.MakeMyTripPage.<init>(MakeMyTripPage.java:34)
	at Pages.MakeMyTripPage.<init>(MakeMyTripPage.java:34)
	at Pages.MakeMyTripPage.<init>(MakeMyTripPage.java:34)
	at Pages.MakeMyTripPage.<init>(MakeMyTripPage.java:34)
	at Pages.MakeMyTripPage.<init>(MakeMyTripPage.java:34)
	at Pages.MakeMyTripPage.<init>(MakeMyTripPage.java:34)
	at Pages.MakeMyTripPage.<init>(MakeMyTripPage.java:34)
	at Pages.MakeMyTripPage.<init>(MakeMyTripPage.java:34)
	at Pages.MakeMyTripPage.<init>(MakeMyTripPage.java:34)
	at Pages.MakeMyTripPage.<init>(MakeMyTripPage.java:34)
	at Pages.MakeMyTripPage.<init>(MakeMyTripPage.java:34)
	at Pages.MakeMyTripPage.<init>(MakeMyTripPage.java:34)
	at Pages.MakeMyTripPage.<init>(MakeMyTripPage.java:34)
	at Pages.MakeMyTripPage.<init>(MakeMyTripPage.java:34)
	at Pages.MakeMyTripPage.<init>(MakeMyTripPage.java:34)
	at Pages.MakeMyTripPage.<init>(MakeMyTripPage.java:34)
	at Pages.MakeMyTripPage.<init>(MakeMyTripPage.java:34)
	at Pages.MakeMyTripPage.<init>(MakeMyTripPage.java:34)
	at Pages.MakeMyTripPage.<init>(MakeMyTripPage.java:34)
	at Pages.MakeMyTripPage.<init>(MakeMyTripPage.java:34)
	at Pages.MakeMyTripPage.<init>(MakeMyTripPage.java:34)
	at Pages.MakeMyTripPage.<init>(MakeMyTripPage.java:34)
	at Pages.MakeMyTripPage.<init>(MakeMyTripPage.java:34)
	at Pages.MakeMyTripPage.<init>(MakeMyTripPage.java:34)
	at Pages.MakeMyTripPage.<init>(MakeMyTripPage.java:34)
	at Pages.MakeMyTripPage.<init>(MakeMyTripPage.java:34)
	at Pages.MakeMyTripPage.<init>(MakeMyTripPage.java:34)
	at Pages.MakeMyTripPage.<init>(MakeMyTripPage.java:34)
	at Pages.MakeMyTripPage.<init>(MakeMyTripPage.java:34)
	at Pages.MakeMyTripPage.<init>(MakeMyTripPage.java:34)
	at Pages.MakeMyTripPage.<init>(MakeMyTripPage.java:34)
	at Pages.MakeMyTripPage.<init>(MakeMyTripPage.java:34)
	at Pages.MakeMyTripPage.<init>(MakeMyTripPage.java:34)
	at Pages.MakeMyTripPage.<init>(MakeMyTripPage.java:34)
	at Pages.MakeMyTripPage.<init>(MakeMyTripPage.java:34)
	at Pages.MakeMyTripPage.<init>(MakeMyTripPage.java:34)
	at Pages.MakeMyTripPage.<init>(MakeMyTripPage.java:34)
	at Pages.MakeMyTripPage.<init>(MakeMyTripPage.java:34)
	at Pages.MakeMyTripPage.<init>(MakeMyTripPage.java:34)
	at Pages.MakeMyTripPage.<init>(MakeMyTripPage.java:34)
	at Pages.MakeMyTripPage.<init>(MakeMyTripPage.java:34)
	at Pages.MakeMyTripPage.<init>(MakeMyTripPage.java:34)
	at Pages.MakeMyTripPage.<init>(MakeMyTripPage.java:34)
	at Pages.MakeMyTripPage.<init>(MakeMyTripPage.java:34)
	at Pages.MakeMyTripPage.<init>(MakeMyTripPage.java:34)
	at Pages.MakeMyTripPage.<init>(MakeMyTripPage.java:34)
	at Pages.MakeMyTripPage.<init>(MakeMyTripPage.java:34)
	at Pages.MakeMyTripPage.<init>(MakeMyTripPage.java:34)
	at Pages.MakeMyTripPage.<init>(MakeMyTripPage.java:34)
	at Pages.MakeMyTripPage.<init>(MakeMyTripPage.java:34)
	at Pages.MakeMyTripPage.<init>(MakeMyTripPage.java:34)
	at Pages.MakeMyTripPage.<init>(MakeMyTripPage.java:34)
	at Pages.MakeMyTripPage.<init>(MakeMyTripPage.java:34)
	at Pages.MakeMyTripPage.<init>(MakeMyTripPage.java:34)
	at Pages.MakeMyTripPage.<init>(MakeMyTripPage.java:34)
	at Pages.MakeMyTripPage.<init>(MakeMyTripPage.java:34)
	at Pages.MakeMyTripPage.<init>(MakeMyTripPage.java:34)
	at Pages.MakeMyTripPage.<init>(MakeMyTripPage.java:34)
	at Pages.MakeMyTripPage.<init>(MakeMyTripPage.java:34)
	at Pages.MakeMyTripPage.<init>(MakeMyTripPage.java:34)
	at Pages.MakeMyTripPage.<init>(MakeMyTripPage.java:34)
	at Pages.MakeMyTripPage.<init>(MakeMyTripPage.java:34)
	at Pages.MakeMyTripPage.<init>(MakeMyTripPage.java:34)
	at Pages.MakeMyTripPage.<init>(MakeMyTripPage.java:34)
	at Pages.MakeMyTripPage.<init>(MakeMyTripPage.java:34)
	at Pages.MakeMyTripPage.<init>(MakeMyTripPage.java:34)
	at Pages.MakeMyTripPage.<init>(MakeMyTripPage.java:34)
	at Pages.MakeMyTripPage.<init>(MakeMyTripPage.java:34)
	at Pages.MakeMyTripPage.<init>(MakeMyTripPage.java:34)
	at Pages.MakeMyTripPage.<init>(MakeMyTripPage.java:34)
	at Pages.MakeMyTripPage.<init>(MakeMyTripPage.java:34)
	at Pages.MakeMyTripPage.<init>(MakeMyTripPage.java:34)
	at Pages.MakeMyTripPage.<init>(MakeMyTripPage.java:34)
	at Pages.MakeMyTripPage.<init>(MakeMyTripPage.java:34)
	at Pages.MakeMyTripPage.<init>(MakeMyTripPage.java:34)
	at Pages.MakeMyTripPage.<init>(MakeMyTripPage.java:34)
	at Pages.MakeMyTripPage.<init>(MakeMyTripPage.java:34)
	at Pages.MakeMyTripPage.<init>(MakeMyTripPage.java:34)
	at Pages.MakeMyTripPage.<init>(MakeMyTripPage.java:34)
	at Pages.MakeMyTripPage.<init>(MakeMyTripPage.java:34)
	at Pages.MakeMyTripPage.<init>(MakeMyTripPage.java:34)
	at Pages.MakeMyTripPage.<init>(MakeMyTripPage.java:34)
	at Pages.MakeMyTripPage.<init>(MakeMyTripPage.java:34)
	at Pages.MakeMyTripPage.<init>(MakeMyTripPage.java:34)
	at Pages.MakeMyTripPage.<init>(MakeMyTripPage.java:34)
	at Pages.MakeMyTripPage.<init>(MakeMyTripPage.java:34)
	at Pages.MakeMyTripPage.<init>(MakeMyTripPage.java:34)
	at Pages.MakeMyTripPage.<init>(MakeMyTripPage.java:34)
	at Pages.MakeMyTripPage.<init>(MakeMyTripPage.java:34)
	at Pages.MakeMyTripPage.<init>(MakeMyTripPage.java:34)
	at Pages.MakeMyTripPage.<init>(MakeMyTripPage.java:34)
	at Pages.MakeMyTripPage.<init>(MakeMyTripPage.java:34)
	at Pages.MakeMyTripPage.<init>(MakeMyTripPage.java:34)
	at Pages.MakeMyTripPage.<init>(MakeMyTripPage.java:34)
	at Pages.MakeMyTripPage.<init>(MakeMyTripPage.java:34)
	at Pages.MakeMyTripPage.<init>(MakeMyTripPage.java:34)
	at Pages.MakeMyTripPage.<init>(MakeMyTripPage.java:34)
	at Pages.MakeMyTripPage.<init>(MakeMyTripPage.java:34)
	at Pages.MakeMyTripPage.<init>(MakeMyTripPage.java:34)
	at Pages.MakeMyTripPage.<init>(MakeMyTripPage.java:34)
	at Pages.MakeMyTripPage.<init>(MakeMyTripPage.java:34)
	at Pages.MakeMyTripPage.<init>(MakeMyTripPage.java:34)
	at Pages.MakeMyTripPage.<init>(MakeMyTripPage.java:34)
	at Pages.MakeMyTripPage.<init>(MakeMyTripPage.java:34)
	at Pages.MakeMyTripPage.<init>(MakeMyTripPage.java:34)
	at Pages.MakeMyTripPage.<init>(MakeMyTripPage.java:34)
	at Pages.MakeMyTripPage.<init>(MakeMyTripPage.java:34)
	at Pages.MakeMyTripPage.<init>(MakeMyTripPage.java:34)
	at Pages.MakeMyTripPage.<init>(MakeMyTripPage.java:34)
	at Pages.MakeMyTripPage.<init>(MakeMyTripPage.java:34)
	at Pages.MakeMyTripPage.<init>(MakeMyTripPage.java:34)
	at Pages.MakeMyTripPage.<init>(MakeMyTripPage.java:34)
	at Pages.MakeMyTripPage.<init>(MakeMyTripPage.java:34)
	at Pages.MakeMyTripPage.<init>(MakeMyTripPage.java:34)
	at Pages.MakeMyTripPage.<init>(MakeMyTripPage.java:34)
	at Pages.MakeMyTripPage.<init>(MakeMyTripPage.java:34)
	at Pages.MakeMyTripPage.<init>(MakeMyTripPage.java:34)
	at Pages.MakeMyTripPage.<init>(MakeMyTripPage.java:34)
	at Pages.MakeMyTripPage.<init>(MakeMyTripPage.java:34)
	at Pages.MakeMyTripPage.<init>(MakeMyTripPage.java:34)
	at Pages.MakeMyTripPage.<init>(MakeMyTripPage.java:34)
	at Pages.MakeMyTripPage.<init>(MakeMyTripPage.java:34)
	at Pages.MakeMyTripPage.<init>(MakeMyTripPage.java:34)
	at Pages.MakeMyTripPage.<init>(MakeMyTripPage.java:34)
	at Pages.MakeMyTripPage.<init>(MakeMyTripPage.java:34)
	at Pages.MakeMyTripPage.<init>(MakeMyTripPage.java:34)
	at Pages.MakeMyTripPage.<init>(MakeMyTripPage.java:34)
	at Pages.MakeMyTripPage.<init>(MakeMyTripPage.java:34)
	at Pages.MakeMyTripPage.<init>(MakeMyTripPage.java:34)
	at Pages.MakeMyTripPage.<init>(MakeMyTripPage.java:34)
	at Pages.MakeMyTripPage.<init>(MakeMyTripPage.java:34)
	at Pages.MakeMyTripPage.<init>(MakeMyTripPage.java:34)
	at Pages.MakeMyTripPage.<init>(MakeMyTripPage.java:34)
	at Pages.MakeMyTripPage.<init>(MakeMyTripPage.java:34)
	at Pages.MakeMyTripPage.<init>(MakeMyTripPage.java:34)
	at Pages.MakeMyTripPage.<init>(MakeMyTripPage.java:34)
	at Pages.MakeMyTripPage.<init>(MakeMyTripPage.java:34)
	at Pages.MakeMyTripPage.<init>(MakeMyTripPage.java:34)
	at Pages.MakeMyTripPage.<init>(MakeMyTripPage.java:34)
	at Pages.MakeMyTripPage.<init>(MakeMyTripPage.java:34)
	at Pages.MakeMyTripPage.<init>(MakeMyTripPage.java:34)
	at Pages.MakeMyTripPage.<init>(MakeMyTripPage.java:34)
	at Pages.MakeMyTripPage.<init>(MakeMyTripPage.java:34)
	at Pages.MakeMyTripPage.<init>(MakeMyTripPage.java:34)
	at Pages.MakeMyTripPage.<init>(MakeMyTripPage.java:34)
	at Pages.MakeMyTripPage.<init>(MakeMyTripPage.java:34)
	at Pages.MakeMyTripPage.<init>(MakeMyTripPage.java:34)
	at Pages.MakeMyTripPage.<init>(MakeMyTripPage.java:34)
	at Pages.MakeMyTripPage.<init>(MakeMyTripPage.java:34)
	at Pages.MakeMyTripPage.<init>(MakeMyTripPage.java:34)
	at Pages.MakeMyTripPage.<init>(MakeMyTripPage.java:34)
	at Pages.MakeMyTripPage.<init>(MakeMyTripPage.java:34)
	at Pages.MakeMyTripPage.<init>(MakeMyTripPage.java:34)
	at Pages.MakeMyTripPage.<init>(MakeMyTripPage.java:34)
	at Pages.MakeMyTripPage.<init>(MakeMyTripPage.java:34)
	at Pages.MakeMyTripPage.<init>(MakeMyTripPage.java:34)
	at Pages.MakeMyTripPage.<init>(MakeMyTripPage.java:34)
	at Pages.MakeMyTripPage.<init>(MakeMyTripPage.java:34)
	at Pages.MakeMyTripPage.<init>(MakeMyTripPage.java:34)
	at Pages.MakeMyTripPage.<init>(MakeMyTripPage.java:34)
	at Pages.MakeMyTripPage.<init>(MakeMyTripPage.java:34)
	at Pages.MakeMyTripPage.<init>(MakeMyTripPage.java:34)
	at Pages.MakeMyTripPage.<init>(MakeMyTripPage.java:34)
	at Pages.MakeMyTripPage.<init>(MakeMyTripPage.java:34)
	at Pages.MakeMyTripPage.<init>(MakeMyTripPage.java:34)
	at Pages.MakeMyTripPage.<init>(MakeMyTripPage.java:34)
	at Pages.MakeMyTripPage.<init>(MakeMyTripPage.java:34)
	at Pages.MakeMyTripPage.<init>(MakeMyTripPage.java:34)
	at Pages.MakeMyTripPage.<init>(MakeMyTripPage.java:34)
	at Pages.MakeMyTripPage.<init>(MakeMyTripPage.java:34)
	at Pages.MakeMyTripPage.<init>(MakeMyTripPage.java:34)
	at Pages.MakeMyTripPage.<init>(MakeMyTripPage.java:34)
	at Pages.MakeMyTripPage.<init>(MakeMyTripPage.java:34)
	at Pages.MakeMyTripPage.<init>(MakeMyTripPage.java:34)
	at Pages.MakeMyTripPage.<init>(MakeMyTripPage.java:34)
	at Pages.MakeMyTripPage.<init>(MakeMyTripPage.java:34)
	at Pages.MakeMyTripPage.<init>(MakeMyTripPage.java:34)
	at Pages.MakeMyTripPage.<init>(MakeMyTripPage.java:34)
	at Pages.MakeMyTripPage.<init>(MakeMyTripPage.java:34)
	at Pages.MakeMyTripPage.<init>(MakeMyTripPage.java:34)
	at Pages.MakeMyTripPage.<init>(MakeMyTripPage.java:34)
	at Pages.MakeMyTripPage.<init>(MakeMyTripPage.java:34)
	at Pages.MakeMyTripPage.<init>(MakeMyTripPage.java:34)
	at Pages.MakeMyTripPage.<init>(MakeMyTripPage.java:34)
	at Pages.MakeMyTripPage.<init>(MakeMyTripPage.java:34)
	at Pages.MakeMyTripPage.<init>(MakeMyTripPage.java:34)
	at Pages.MakeMyTripPage.<init>(MakeMyTripPage.java:34)
	at Pages.MakeMyTripPage.<init>(MakeMyTripPage.java:34)
	at Pages.MakeMyTripPage.<init>(MakeMyTripPage.java:34)
	at Pages.MakeMyTripPage.<init>(MakeMyTripPage.java:34)
	at Pages.MakeMyTripPage.<init>(MakeMyTripPage.java:34)
	at Pages.MakeMyTripPage.<init>(MakeMyTripPage.java:34)
	at Pages.MakeMyTripPage.<init>(MakeMyTripPage.java:34)
	at Pages.MakeMyTripPage.<init>(MakeMyTripPage.java:34)
	at Pages.MakeMyTripPage.<init>(MakeMyTripPage.java:34)
	at Pages.MakeMyTripPage.<init>(MakeMyTripPage.java:34)
	at Pages.MakeMyTripPage.<init>(MakeMyTripPage.java:34)
	at Pages.MakeMyTripPage.<init>(MakeMyTripPage.java:34)
	at Pages.MakeMyTripPage.<init>(MakeMyTripPage.java:34)
	at Pages.MakeMyTripPage.<init>(MakeMyTripPage.java:34)
	at Pages.MakeMyTripPage.<init>(MakeMyTripPage.java:34)
	at Pages.MakeMyTripPage.<init>(MakeMyTripPage.java:34)
	at Pages.MakeMyTripPage.<init>(MakeMyTripPage.java:34)
	at Pages.MakeMyTripPage.<init>(MakeMyTripPage.java:34)
	at Pages.MakeMyTripPage.<init>(MakeMyTripPage.java:34)
	at Pages.MakeMyTripPage.<init>(MakeMyTripPage.java:34)
	at Pages.MakeMyTripPage.<init>(MakeMyTripPage.java:34)
	at Pages.MakeMyTripPage.<init>(MakeMyTripPage.java:34)
	at Pages.MakeMyTripPage.<init>(MakeMyTripPage.java:34)
	at Pages.MakeMyTripPage.<init>(MakeMyTripPage.java:34)
	at Pages.MakeMyTripPage.<init>(MakeMyTripPage.java:34)
	at Pages.MakeMyTripPage.<init>(MakeMyTripPage.java:34)
	at Pages.MakeMyTripPage.<init>(MakeMyTripPage.java:34)
	at Pages.MakeMyTripPage.<init>(MakeMyTripPage.java:34)
	at Pages.MakeMyTripPage.<init>(MakeMyTripPage.java:34)
	at Pages.MakeMyTripPage.<init>(MakeMyTripPage.java:34)
	at Pages.MakeMyTripPage.<init>(MakeMyTripPage.java:34)
	at Pages.MakeMyTripPage.<init>(MakeMyTripPage.java:34)
	at Pages.MakeMyTripPage.<init>(MakeMyTripPage.java:34)
	at Pages.MakeMyTripPage.<init>(MakeMyTripPage.java:34)
	at Pages.MakeMyTripPage.<init>(MakeMyTripPage.java:34)
	at Pages.MakeMyTripPage.<init>(MakeMyTripPage.java:34)
	at Pages.MakeMyTripPage.<init>(MakeMyTripPage.java:34)
	at Pages.MakeMyTripPage.<init>(MakeMyTripPage.java:34)
	at Pages.MakeMyTripPage.<init>(MakeMyTripPage.java:34)
	at Pages.MakeMyTripPage.<init>(MakeMyTripPage.java:34)
	at Pages.MakeMyTripPage.<init>(MakeMyTripPage.java:34)
	at Pages.MakeMyTripPage.<init>(MakeMyTripPage.java:34)
	at Pages.MakeMyTripPage.<init>(MakeMyTripPage.java:34)
	at Pages.MakeMyTripPage.<init>(MakeMyTripPage.java:34)
	at Pages.MakeMyTripPage.<init>(MakeMyTripPage.java:34)
	at Pages.MakeMyTripPage.<init>(MakeMyTripPage.java:34)
	at Pages.MakeMyTripPage.<init>(MakeMyTripPage.java:34)
	at Pages.MakeMyTripPage.<init>(MakeMyTripPage.java:34)
	at Pages.MakeMyTripPage.<init>(MakeMyTripPage.java:34)
	at Pages.MakeMyTripPage.<init>(MakeMyTripPage.java:34)
	at Pages.MakeMyTripPage.<init>(MakeMyTripPage.java:34)
	at Pages.MakeMyTripPage.<init>(MakeMyTripPage.java:34)
	at Pages.MakeMyTripPage.<init>(MakeMyTripPage.java:34)
	at Pages.MakeMyTripPage.<init>(MakeMyTripPage.java:34)
	at Pages.MakeMyTripPage.<init>(MakeMyTripPage.java:34)
	at Pages.MakeMyTripPage.<init>(MakeMyTripPage.java:34)
	at Pages.MakeMyTripPage.<init>(MakeMyTripPage.java:34)
	at Pages.MakeMyTripPage.<init>(MakeMyTripPage.java:34)
	at Pages.MakeMyTripPage.<init>(MakeMyTripPage.java:34)
	at Pages.MakeMyTripPage.<init>(MakeMyTripPage.java:34)
	at Pages.MakeMyTripPage.<init>(MakeMyTripPage.java:34)
	at Pages.MakeMyTripPage.<init>(MakeMyTripPage.java:34)
	at Pages.MakeMyTripPage.<init>(MakeMyTripPage.java:34)
	at Pages.MakeMyTripPage.<init>(MakeMyTripPage.java:34)
	at Pages.MakeMyTripPage.<init>(MakeMyTripPage.java:34)
	at Pages.MakeMyTripPage.<init>(MakeMyTripPage.java:34)
	at Pages.MakeMyTripPage.<init>(MakeMyTripPage.java:34)
	at Pages.MakeMyTripPage.<init>(MakeMyTripPage.java:34)
	at Pages.MakeMyTripPage.<init>(MakeMyTripPage.java:34)
	at Pages.MakeMyTripPage.<init>(MakeMyTripPage.java:34)
	at Pages.MakeMyTripPage.<init>(MakeMyTripPage.java:34)
	at Pages.MakeMyTripPage.<init>(MakeMyTripPage.java:34)
	at Pages.MakeMyTripPage.<init>(MakeMyTripPage.java:34)
	at Pages.MakeMyTripPage.<init>(MakeMyTripPage.java:34)
	at Pages.MakeMyTripPage.<init>(MakeMyTripPage.java:34)
	at Pages.MakeMyTripPage.<init>(MakeMyTripPage.java:34)
	at Pages.MakeMyTripPage.<init>(MakeMyTripPage.java:34)
	at Pages.MakeMyTripPage.<init>(MakeMyTripPage.java:34)
	at Pages.MakeMyTripPage.<init>(MakeMyTripPage.java:34)
	at Pages.MakeMyTripPage.<init>(MakeMyTripPage.java:34)
	at Pages.MakeMyTripPage.<init>(MakeMyTripPage.java:34)
	at Pages.MakeMyTripPage.<init>(MakeMyTripPage.java:34)
	at Pages.MakeMyTripPage.<init>(MakeMyTripPage.java:34)
	at Pages.MakeMyTripPage.<init>(MakeMyTripPage.java:34)
	at Pages.MakeMyTripPage.<init>(MakeMyTripPage.java:34)
	at Pages.MakeMyTripPage.<init>(MakeMyTripPage.java:34)
	at Pages.MakeMyTripPage.<init>(MakeMyTripPage.java:34)
	at Pages.MakeMyTripPage.<init>(MakeMyTripPage.java:34)
	at Pages.MakeMyTripPage.<init>(MakeMyTripPage.java:34)
	at Pages.MakeMyTripPage.<init>(MakeMyTripPage.java:34)
	at Pages.MakeMyTripPage.<init>(MakeMyTripPage.java:34)
	at Pages.MakeMyTripPage.<init>(MakeMyTripPage.java:34)
	at Pages.MakeMyTripPage.<init>(MakeMyTripPage.java:34)
	at Pages.MakeMyTripPage.<init>(MakeMyTripPage.java:34)
	at Pages.MakeMyTripPage.<init>(MakeMyTripPage.java:34)
	at Pages.MakeMyTripPage.<init>(MakeMyTripPage.java:34)
	at Pages.MakeMyTripPage.<init>(MakeMyTripPage.java:34)
	at Pages.MakeMyTripPage.<init>(MakeMyTripPage.java:34)
	at Pages.MakeMyTripPage.<init>(MakeMyTripPage.java:34)
	at Pages.MakeMyTripPage.<init>(MakeMyTripPage.java:34)
	at Pages.MakeMyTripPage.<init>(MakeMyTripPage.java:34)
	at Pages.MakeMyTripPage.<init>(MakeMyTripPage.java:34)
	at Pages.MakeMyTripPage.<init>(MakeMyTripPage.java:34)
	at Pages.MakeMyTripPage.<init>(MakeMyTripPage.java:34)
	at Pages.MakeMyTripPage.<init>(MakeMyTripPage.java:34)
	at Pages.MakeMyTripPage.<init>(MakeMyTripPage.java:34)
	at Pages.MakeMyTripPage.<init>(MakeMyTripPage.java:34)
	at Pages.MakeMyTripPage.<init>(MakeMyTripPage.java:34)
	at Pages.MakeMyTripPage.<init>(MakeMyTripPage.java:34)
	at Pages.MakeMyTripPage.<init>(MakeMyTripPage.java:34)
	at Pages.MakeMyTripPage.<init>(MakeMyTripPage.java:34)
	at Pages.MakeMyTripPage.<init>(MakeMyTripPage.java:34)
	at Pages.MakeMyTripPage.<init>(MakeMyTripPage.java:34)
	at Pages.MakeMyTripPage.<init>(MakeMyTripPage.java:34)
	at Pages.MakeMyTripPage.<init>(MakeMyTripPage.java:34)
	at Pages.MakeMyTripPage.<init>(MakeMyTripPage.java:34)
	at Pages.MakeMyTripPage.<init>(MakeMyTripPage.java:34)
	at Pages.MakeMyTripPage.<init>(MakeMyTripPage.java:34)
	at Pages.MakeMyTripPage.<init>(MakeMyTripPage.java:34)
	at Pages.MakeMyTripPage.<init>(MakeMyTripPage.java:34)
	at Pages.MakeMyTripPage.<init>(MakeMyTripPage.java:34)
	at Pages.MakeMyTripPage.<init>(MakeMyTripPage.java:34)
	at Pages.MakeMyTripPage.<init>(MakeMyTripPage.java:34)
	at Pages.MakeMyTripPage.<init>(MakeMyTripPage.java:34)
	at Pages.MakeMyTripPage.<init>(MakeMyTripPage.java:34)
	at Pages.MakeMyTripPage.<init>(MakeMyTripPage.java:34)
	at Pages.MakeMyTripPage.<init>(MakeMyTripPage.java:34)
	at Pages.MakeMyTripPage.<init>(MakeMyTripPage.java:34)
	at Pages.MakeMyTripPage.<init>(MakeMyTripPage.java:34)
	at Pages.MakeMyTripPage.<init>(MakeMyTripPage.java:34)
	at Pages.MakeMyTripPage.<init>(MakeMyTripPage.java:34)
	at Pages.MakeMyTripPage.<init>(MakeMyTripPage.java:34)
	at Pages.MakeMyTripPage.<init>(MakeMyTripPage.java:34)
	at Pages.MakeMyTripPage.<init>(MakeMyTripPage.java:34)
	at Pages.MakeMyTripPage.<init>(MakeMyTripPage.java:34)
	at Pages.MakeMyTripPage.<init>(MakeMyTripPage.java:34)
	at Pages.MakeMyTripPage.<init>(MakeMyTripPage.java:34)
	at Pages.MakeMyTripPage.<init>(MakeMyTripPage.java:34)
	at Pages.MakeMyTripPage.<init>(MakeMyTripPage.java:34)
	at Pages.MakeMyTripPage.<init>(MakeMyTripPage.java:34)
	at Pages.MakeMyTripPage.<init>(MakeMyTripPage.java:34)
	at Pages.MakeMyTripPage.<init>(MakeMyTripPage.java:34)
	at Pages.MakeMyTripPage.<init>(MakeMyTripPage.java:34)
	at Pages.MakeMyTripPage.<init>(MakeMyTripPage.java:34)
	at Pages.MakeMyTripPage.<init>(MakeMyTripPage.java:34)
	at Pages.MakeMyTripPage.<init>(MakeMyTripPage.java:34)
	at Pages.MakeMyTripPage.<init>(MakeMyTripPage.java:34)
	at Pages.MakeMyTripPage.<init>(MakeMyTripPage.java:34)
	at Pages.MakeMyTripPage.<init>(MakeMyTripPage.java:34)
	at Pages.MakeMyTripPage.<init>(MakeMyTripPage.java:34)
	at Pages.MakeMyTripPage.<init>(MakeMyTripPage.java:34)
	at Pages.MakeMyTripPage.<init>(MakeMyTripPage.java:34)
	at Pages.MakeMyTripPage.<init>(MakeMyTripPage.java:34)
	at Pages.MakeMyTripPage.<init>(MakeMyTripPage.java:34)
	at Pages.MakeMyTripPage.<init>(MakeMyTripPage.java:34)
	at Pages.MakeMyTripPage.<init>(MakeMyTripPage.java:34)
	at Pages.MakeMyTripPage.<init>(MakeMyTripPage.java:34)
	at Pages.MakeMyTripPage.<init>(MakeMyTripPage.java:34)
	at Pages.MakeMyTripPage.<init>(MakeMyTripPage.java:34)
	at Pages.MakeMyTripPage.<init>(MakeMyTripPage.java:34)
	at Pages.MakeMyTripPage.<init>(MakeMyTripPage.java:34)
	at Pages.MakeMyTripPage.<init>(MakeMyTripPage.java:34)
	at Pages.MakeMyTripPage.<init>(MakeMyTripPage.java:34)
	at Pages.MakeMyTripPage.<init>(MakeMyTripPage.java:34)
	at Pages.MakeMyTripPage.<init>(MakeMyTripPage.java:34)
	at Pages.MakeMyTripPage.<init>(MakeMyTripPage.java:34)
	at Pages.MakeMyTripPage.<init>(MakeMyTripPage.java:34)
	at Pages.MakeMyTripPage.<init>(MakeMyTripPage.java:34)
	at Pages.MakeMyTripPage.<init>(MakeMyTripPage.java:34)
	at Pages.MakeMyTripPage.<init>(MakeMyTripPage.java:34)
	at Pages.MakeMyTripPage.<init>(MakeMyTripPage.java:34)
	at Pages.MakeMyTripPage.<init>(MakeMyTripPage.java:34)
	at Pages.MakeMyTripPage.<init>(MakeMyTripPage.java:34)
	at Pages.MakeMyTripPage.<init>(MakeMyTripPage.java:34)
	at Pages.MakeMyTripPage.<init>(MakeMyTripPage.java:34)
	at Pages.MakeMyTripPage.<init>(MakeMyTripPage.java:34)
	at Pages.MakeMyTripPage.<init>(MakeMyTripPage.java:34)
	at Pages.MakeMyTripPage.<init>(MakeMyTripPage.java:34)
	at Pages.MakeMyTripPage.<init>(MakeMyTripPage.java:34)
	at Pages.MakeMyTripPage.<init>(MakeMyTripPage.java:34)
	at Pages.MakeMyTripPage.<init>(MakeMyTripPage.java:34)
	at Pages.MakeMyTripPage.<init>(MakeMyTripPage.java:34)
	at Pages.MakeMyTripPage.<init>(MakeMyTripPage.java:34)
	at Pages.MakeMyTripPage.<init>(MakeMyTripPage.java:34)
	at Pages.MakeMyTripPage.<init>(MakeMyTripPage.java:34)
	at Pages.MakeMyTripPage.<init>(MakeMyTripPage.java:34)
	at Pages.MakeMyTripPage.<init>(MakeMyTripPage.java:34)
	at Pages.MakeMyTripPage.<init>(MakeMyTripPage.java:34)
	at Pages.MakeMyTripPage.<init>(MakeMyTripPage.java:34)
	at Pages.MakeMyTripPage.<init>(MakeMyTripPage.java:34)
	at Pages.MakeMyTripPage.<init>(MakeMyTripPage.java:34)
	at Pages.MakeMyTripPage.<init>(MakeMyTripPage.java:34)
	at Pages.MakeMyTripPage.<init>(MakeMyTripPage.java:34)
	at Pages.MakeMyTripPage.<init>(MakeMyTripPage.java:34)
	at Pages.MakeMyTripPage.<init>(MakeMyTripPage.java:34)
	at Pages.MakeMyTripPage.<init>(MakeMyTripPage.java:34)
	at Pages.MakeMyTripPage.<init>(MakeMyTripPage.java:34)
	at Pages.MakeMyTripPage.<init>(MakeMyTripPage.java:34)
	at Pages.MakeMyTripPage.<init>(MakeMyTripPage.java:34)
	at Pages.MakeMyTripPage.<init>(MakeMyTripPage.java:34)
	at Pages.MakeMyTripPage.<init>(MakeMyTripPage.java:34)
	at Pages.MakeMyTripPage.<init>(MakeMyTripPage.java:34)
	at Pages.MakeMyTripPage.<init>(MakeMyTripPage.java:34)
	at Pages.MakeMyTripPage.<init>(MakeMyTripPage.java:34)
	at Pages.MakeMyTripPage.<init>(MakeMyTripPage.java:34)
	at Pages.MakeMyTripPage.<init>(MakeMyTripPage.java:34)
	at Pages.MakeMyTripPage.<init>(MakeMyTripPage.java:34)
	at Pages.MakeMyTripPage.<init>(MakeMyTripPage.java:34)
	at Pages.MakeMyTripPage.<init>(MakeMyTripPage.java:34)
	at Pages.MakeMyTripPage.<init>(MakeMyTripPage.java:34)
	at Pages.MakeMyTripPage.<init>(MakeMyTripPage.java:34)
	at Pages.MakeMyTripPage.<init>(MakeMyTripPage.java:34)
	at Pages.MakeMyTripPage.<init>(MakeMyTripPage.java:34)
	at Pages.MakeMyTripPage.<init>(MakeMyTripPage.java:34)
	at Pages.MakeMyTripPage.<init>(MakeMyTripPage.java:34)
	at Pages.MakeMyTripPage.<init>(MakeMyTripPage.java:34)
	at Pages.MakeMyTripPage.<init>(MakeMyTripPage.java:34)
	at Pages.MakeMyTripPage.<init>(MakeMyTripPage.java:34)
	at Pages.MakeMyTripPage.<init>(MakeMyTripPage.java:34)
	at Pages.MakeMyTripPage.<init>(MakeMyTripPage.java:34)
	at Pages.MakeMyTripPage.<init>(MakeMyTripPage.java:34)
	at Pages.MakeMyTripPage.<init>(MakeMyTripPage.java:34)
	at Pages.MakeMyTripPage.<init>(MakeMyTripPage.java:34)
	at Pages.MakeMyTripPage.<init>(MakeMyTripPage.java:34)
	at Pages.MakeMyTripPage.<init>(MakeMyTripPage.java:34)
	at Pages.MakeMyTripPage.<init>(MakeMyTripPage.java:34)
	at Pages.MakeMyTripPage.<init>(MakeMyTripPage.java:34)
	at Pages.MakeMyTripPage.<init>(MakeMyTripPage.java:34)
	at Pages.MakeMyTripPage.<init>(MakeMyTripPage.java:34)
	at Pages.MakeMyTripPage.<init>(MakeMyTripPage.java:34)
	at Pages.MakeMyTripPage.<init>(MakeMyTripPage.java:34)
	at Pages.MakeMyTripPage.<init>(MakeMyTripPage.java:34)
	at Pages.MakeMyTripPage.<init>(MakeMyTripPage.java:34)
	at Pages.MakeMyTripPage.<init>(MakeMyTripPage.java:34)
	at Pages.MakeMyTripPage.<init>(MakeMyTripPage.java:34)
	at Pages.MakeMyTripPage.<init>(MakeMyTripPage.java:34)
	at Pages.MakeMyTripPage.<init>(MakeMyTripPage.java:34)
	at Pages.MakeMyTripPage.<init>(MakeMyTripPage.java:34)
	at Pages.MakeMyTripPage.<init>(MakeMyTripPage.java:34)
	at Pages.MakeMyTripPage.<init>(MakeMyTripPage.java:34)
	at Pages.MakeMyTripPage.<init>(MakeMyTripPage.java:34)
	at Pages.MakeMyTripPage.<init>(MakeMyTripPage.java:34)
	at Pages.MakeMyTripPage.<init>(MakeMyTripPage.java:34)
	at Pages.MakeMyTripPage.<init>(MakeMyTripPage.java:34)
	at Pages.MakeMyTripPage.<init>(MakeMyTripPage.java:34)
	at Pages.MakeMyTripPage.<init>(MakeMyTripPage.java:34)
	at Pages.MakeMyTripPage.<init>(MakeMyTripPage.java:34)
	at Pages.MakeMyTripPage.<init>(MakeMyTripPage.java:34)
	at Pages.MakeMyTripPage.<init>(MakeMyTripPage.java:34)
	at Pages.MakeMyTripPage.<init>(MakeMyTripPage.java:34)
	at Pages.MakeMyTripPage.<init>(MakeMyTripPage.java:34)
	at Pages.MakeMyTripPage.<init>(MakeMyTripPage.java:34)
	at Pages.MakeMyTripPage.<init>(MakeMyTripPage.java:34)
	at Pages.MakeMyTripPage.<init>(MakeMyTripPage.java:34)
	at Pages.MakeMyTripPage.<init>(MakeMyTripPage.java:34)
	at Pages.MakeMyTripPage.<init>(MakeMyTripPage.java:34)
	at Pages.MakeMyTripPage.<init>(MakeMyTripPage.java:34)
	at Pages.MakeMyTripPage.<init>(MakeMyTripPage.java:34)
	at Pages.MakeMyTripPage.<init>(MakeMyTripPage.java:34)
	at Pages.MakeMyTripPage.<init>(MakeMyTripPage.java:34)
	at Pages.MakeMyTripPage.<init>(MakeMyTripPage.java:34)
	at Pages.MakeMyTripPage.<init>(MakeMyTripPage.java:34)
	at Pages.MakeMyTripPage.<init>(MakeMyTripPage.java:34)
	at Pages.MakeMyTripPage.<init>(MakeMyTripPage.java:34)
	at Pages.MakeMyTripPage.<init>(MakeMyTripPage.java:34)
	at Pages.MakeMyTripPage.<init>(MakeMyTripPage.java:34)
	at Pages.MakeMyTripPage.<init>(MakeMyTripPage.java:34)
	at Pages.MakeMyTripPage.<init>(MakeMyTripPage.java:34)
	at Pages.MakeMyTripPage.<init>(MakeMyTripPage.java:34)
	at Pages.MakeMyTripPage.<init>(MakeMyTripPage.java:34)
	at Pages.MakeMyTripPage.<init>(MakeMyTripPage.java:34)
	at Pages.MakeMyTripPage.<init>(MakeMyTripPage.java:34)
	at Pages.MakeMyTripPage.<init>(MakeMyTripPage.java:34)
	at Pages.MakeMyTripPage.<init>(MakeMyTripPage.java:34)
	at Pages.MakeMyTripPage.<init>(MakeMyTripPage.java:34)
	at Pages.MakeMyTripPage.<init>(MakeMyTripPage.java:34)
	at Pages.MakeMyTripPage.<init>(MakeMyTripPage.java:34)
	at Pages.MakeMyTripPage.<init>(MakeMyTripPage.java:34)
	at Pages.MakeMyTripPage.<init>(MakeMyTripPage.java:34)
	at Pages.MakeMyTripPage.<init>(MakeMyTripPage.java:34)
	at Pages.MakeMyTripPage.<init>(MakeMyTripPage.java:34)
	at Pages.MakeMyTripPage.<init>(MakeMyTripPage.java:34)
	at Pages.MakeMyTripPage.<init>(MakeMyTripPage.java:34)
	at Pages.MakeMyTripPage.<init>(MakeMyTripPage.java:34)
	at Pages.MakeMyTripPage.<init>(MakeMyTripPage.java:34)
	at Pages.MakeMyTripPage.<init>(MakeMyTripPage.java:34)
	at Pages.MakeMyTripPage.<init>(MakeMyTripPage.java:34)
	at Pages.MakeMyTripPage.<init>(MakeMyTripPage.java:34)
	at Pages.MakeMyTripPage.<init>(MakeMyTripPage.java:34)
	at Pages.MakeMyTripPage.<init>(MakeMyTripPage.java:34)
	at Pages.MakeMyTripPage.<init>(MakeMyTripPage.java:34)
	at Pages.MakeMyTripPage.<init>(MakeMyTripPage.java:34)
	at Pages.MakeMyTripPage.<init>(MakeMyTripPage.java:34)
	at Pages.MakeMyTripPage.<init>(MakeMyTripPage.java:34)
	at Pages.MakeMyTripPage.<init>(MakeMyTripPage.java:34)
	at Pages.MakeMyTripPage.<init>(MakeMyTripPage.java:34)
	at Pages.MakeMyTripPage.<init>(MakeMyTripPage.java:34)
	at Pages.MakeMyTripPage.<init>(MakeMyTripPage.java:34)
	at Pages.MakeMyTripPage.<init>(MakeMyTripPage.java:34)
	at Pages.MakeMyTripPage.<init>(MakeMyTripPage.java:34)
	at Pages.MakeMyTripPage.<init>(MakeMyTripPage.java:34)
	at Pages.MakeMyTripPage.<init>(MakeMyTripPage.java:34)
	at Pages.MakeMyTripPage.<init>(MakeMyTripPage.java:34)
	at Pages.MakeMyTripPage.<init>(MakeMyTripPage.java:34)
	at Pages.MakeMyTripPage.<init>(MakeMyTripPage.java:34)
	at Pages.MakeMyTripPage.<init>(MakeMyTripPage.java:34)
	at Pages.MakeMyTripPage.<init>(MakeMyTripPage.java:34)
	at Pages.MakeMyTripPage.<init>(MakeMyTripPage.java:34)
	at Pages.MakeMyTripPage.<init>(MakeMyTripPage.java:34)
	at Pages.MakeMyTripPage.<init>(MakeMyTripPage.java:34)
	at Pages.MakeMyTripPage.<init>(MakeMyTripPage.java:34)
	at Pages.MakeMyTripPage.<init>(MakeMyTripPage.java:34)
	at Pages.MakeMyTripPage.<init>(MakeMyTripPage.java:34)
	at Pages.MakeMyTripPage.<init>(MakeMyTripPage.java:34)
	at Pages.MakeMyTripPage.<init>(MakeMyTripPage.java:34)
	at Pages.MakeMyTripPage.<init>(MakeMyTripPage.java:34)
	at Pages.MakeMyTripPage.<init>(MakeMyTripPage.java:34)
	at Pages.MakeMyTripPage.<init>(MakeMyTripPage.java:34)
	at Pages.MakeMyTripPage.<init>(MakeMyTripPage.java:34)
	at Pages.MakeMyTripPage.<init>(MakeMyTripPage.java:34)
	at Pages.MakeMyTripPage.<init>(MakeMyTripPage.java:34)
	at Pages.MakeMyTripPage.<init>(MakeMyTripPage.java:34)
	at Pages.MakeMyTripPage.<init>(MakeMyTripPage.java:34)
	at Pages.MakeMyTripPage.<init>(MakeMyTripPage.java:34)
	at Pages.MakeMyTripPage.<init>(MakeMyTripPage.java:34)
	at Pages.MakeMyTripPage.<init>(MakeMyTripPage.java:34)
	at Pages.MakeMyTripPage.<init>(MakeMyTripPage.java:34)
	at Pages.MakeMyTripPage.<init>(MakeMyTripPage.java:34)
	at Pages.MakeMyTripPage.<init>(MakeMyTripPage.java:34)
	at Pages.MakeMyTripPage.<init>(MakeMyTripPage.java:34)
	at Pages.MakeMyTripPage.<init>(MakeMyTripPage.java:34)
	at Pages.MakeMyTripPage.<init>(MakeMyTripPage.java:34)
	at Pages.MakeMyTripPage.<init>(MakeMyTripPage.java:34)
	at Pages.MakeMyTripPage.<init>(MakeMyTripPage.java:34)
	at Pages.MakeMyTripPage.<init>(MakeMyTripPage.java:34)
	at Pages.MakeMyTripPage.<init>(MakeMyTripPage.java:34)
	at Pages.MakeMyTripPage.<init>(MakeMyTripPage.java:34)
	at Pages.MakeMyTripPage.<init>(MakeMyTripPage.java:34)
	at Pages.MakeMyTripPage.<init>(MakeMyTripPage.java:34)
	at Pages.MakeMyTripPage.<init>(MakeMyTripPage.java:34)
	at Pages.MakeMyTripPage.<init>(MakeMyTripPage.java:34)
	at Pages.MakeMyTripPage.<init>(MakeMyTripPage.java:34)
	at Pages.MakeMyTripPage.<init>(MakeMyTripPage.java:34)
	at Pages.MakeMyTripPage.<init>(MakeMyTripPage.java:34)
	at Pages.MakeMyTripPage.<init>(MakeMyTripPage.java:34)
	at Pages.MakeMyTripPage.<init>(MakeMyTripPage.java:34)
	at Pages.MakeMyTripPage.<init>(MakeMyTripPage.java:34)
	at Pages.MakeMyTripPage.<init>(MakeMyTripPage.java:34)
	at Pages.MakeMyTripPage.<init>(MakeMyTripPage.java:34)
	at Pages.MakeMyTripPage.<init>(MakeMyTripPage.java:34)
	at Pages.MakeMyTripPage.<init>(MakeMyTripPage.java:34)
	at Pages.MakeMyTripPage.<init>(MakeMyTripPage.java:34)
	at Pages.MakeMyTripPage.<init>(MakeMyTripPage.java:34)
	at Pages.MakeMyTripPage.<init>(MakeMyTripPage.java:34)
	at Pages.MakeMyTripPage.<init>(MakeMyTripPage.java:34)
	at Pages.MakeMyTripPage.<init>(MakeMyTripPage.java:34)
	at Pages.MakeMyTripPage.<init>(MakeMyTripPage.java:34)
	at Pages.MakeMyTripPage.<init>(MakeMyTripPage.java:34)
	at Pages.MakeMyTripPage.<init>(MakeMyTripPage.java:34)
	at Pages.MakeMyTripPage.<init>(MakeMyTripPage.java:34)
	at Pages.MakeMyTripPage.<init>(MakeMyTripPage.java:34)
	at Pages.MakeMyTripPage.<init>(MakeMyTripPage.java:34)
	at Pages.MakeMyTripPage.<init>(MakeMyTripPage.java:34)
	at Pages.MakeMyTripPage.<init>(MakeMyTripPage.java:34)
	at Pages.MakeMyTripPage.<init>(MakeMyTripPage.java:34)
	at Pages.MakeMyTripPage.<init>(MakeMyTripPage.java:34)
	at Pages.MakeMyTripPage.<init>(MakeMyTripPage.java:34)
	at Pages.MakeMyTripPage.<init>(MakeMyTripPage.java:34)
	at Pages.MakeMyTripPage.<init>(MakeMyTripPage.java:34)
	at Pages.MakeMyTripPage.<init>(MakeMyTripPage.java:34)
	at Pages.MakeMyTripPage.<init>(MakeMyTripPage.java:34)
	at Pages.MakeMyTripPage.<init>(MakeMyTripPage.java:34)
	at Pages.MakeMyTripPage.<init>(MakeMyTripPage.java:34)
	at Pages.MakeMyTripPage.<init>(MakeMyTripPage.java:34)
	at Pages.MakeMyTripPage.<init>(MakeMyTripPage.java:34)
	at Pages.MakeMyTripPage.<init>(MakeMyTripPage.java:34)
	at Pages.MakeMyTripPage.<init>(MakeMyTripPage.java:34)
	at Pages.MakeMyTripPage.<init>(MakeMyTripPage.java:34)
	at Pages.MakeMyTripPage.<init>(MakeMyTripPage.java:34)
	at Pages.MakeMyTripPage.<init>(MakeMyTripPage.java:34)
	at Pages.MakeMyTripPage.<init>(MakeMyTripPage.java:34)
	at Pages.MakeMyTripPage.<init>(MakeMyTripPage.java:34)
	at Pages.MakeMyTripPage.<init>(MakeMyTripPage.java:34)
	at Pages.MakeMyTripPage.<init>(MakeMyTripPage.java:34)
	at Pages.MakeMyTripPage.<init>(MakeMyTripPage.java:34)
	at Pages.MakeMyTripPage.<init>(MakeMyTripPage.java:34)
	at Pages.MakeMyTripPage.<init>(MakeMyTripPage.java:34)
	at Pages.MakeMyTripPage.<init>(MakeMyTripPage.java:34)
	at Pages.MakeMyTripPage.<init>(MakeMyTripPage.java:34)
	at Pages.MakeMyTripPage.<init>(MakeMyTripPage.java:34)
	at Pages.MakeMyTripPage.<init>(MakeMyTripPage.java:34)
	at Pages.MakeMyTripPage.<init>(MakeMyTripPage.java:34)
	at Pages.MakeMyTripPage.<init>(MakeMyTripPage.java:34)
	at Pages.MakeMyTripPage.<init>(MakeMyTripPage.java:34)
	at Pages.MakeMyTripPage.<init>(MakeMyTripPage.java:34)
	at Pages.MakeMyTripPage.<init>(MakeMyTripPage.java:34)
	at Pages.MakeMyTripPage.<init>(MakeMyTripPage.java:34)
	at Pages.MakeMyTripPage.<init>(MakeMyTripPage.java:34)
	at Pages.MakeMyTripPage.<init>(MakeMyTripPage.java:34)
	at Pages.MakeMyTripPage.<init>(MakeMyTripPage.java:34)
	at Pages.MakeMyTripPage.<init>(MakeMyTripPage.java:34)
	at Pages.MakeMyTripPage.<init>(MakeMyTripPage.java:34)
	at Pages.MakeMyTripPage.<init>(MakeMyTripPage.java:34)
	at Pages.MakeMyTripPage.<init>(MakeMyTripPage.java:34)
	at Pages.MakeMyTripPage.<init>(MakeMyTripPage.java:34)
	at Pages.MakeMyTripPage.<init>(MakeMyTripPage.java:34)
	at Pages.MakeMyTripPage.<init>(MakeMyTripPage.java:34)
	at Pages.MakeMyTripPage.<init>(MakeMyTripPage.java:34)
	at Pages.MakeMyTripPage.<init>(MakeMyTripPage.java:34)
	at Pages.MakeMyTripPage.<init>(MakeMyTripPage.java:34)
	at Pages.MakeMyTripPage.<init>(MakeMyTripPage.java:34)
	at Pages.MakeMyTripPage.<init>(MakeMyTripPage.java:34)
	at Pages.MakeMyTripPage.<init>(MakeMyTripPage.java:34)
	at Pages.MakeMyTripPage.<init>(MakeMyTripPage.java:34)
	at Pages.MakeMyTripPage.<init>(MakeMyTripPage.java:34)
	at Pages.MakeMyTripPage.<init>(MakeMyTripPage.java:34)
	at Pages.MakeMyTripPage.<init>(MakeMyTripPage.java:34)
	at Pages.MakeMyTripPage.<init>(MakeMyTripPage.java:34)
	at Pages.MakeMyTripPage.<init>(MakeMyTripPage.java:34)
	at Pages.MakeMyTripPage.<init>(MakeMyTripPage.java:34)
	at Pages.MakeMyTripPage.<init>(MakeMyTripPage.java:34)
	at Pages.MakeMyTripPage.<init>(MakeMyTripPage.java:34)
	at Pages.MakeMyTripPage.<init>(MakeMyTripPage.java:34)
	at Pages.MakeMyTripPage.<init>(MakeMyTripPage.java:34)
	at Pages.MakeMyTripPage.<init>(MakeMyTripPage.java:34)
	at Pages.MakeMyTripPage.<init>(MakeMyTripPage.java:34)
	at Pages.MakeMyTripPage.<init>(MakeMyTripPage.java:34)
	at Pages.MakeMyTripPage.<init>(MakeMyTripPage.java:34)
	at Pages.MakeMyTripPage.<init>(MakeMyTripPage.java:34)
	at Pages.MakeMyTripPage.<init>(MakeMyTripPage.java:34)
	at Pages.MakeMyTripPage.<init>(MakeMyTripPage.java:34)
	at Pages.MakeMyTripPage.<init>(MakeMyTripPage.java:34)
	at Pages.MakeMyTripPage.<init>(MakeMyTripPage.java:34)
	at Pages.MakeMyTripPage.<init>(MakeMyTripPage.java:34)
	at Pages.MakeMyTripPage.<init>(MakeMyTripPage.java:34)
	at Pages.MakeMyTripPage.<init>(MakeMyTripPage.java:34)
	at Pages.MakeMyTripPage.<init>(MakeMyTripPage.java:34)
	at Pages.MakeMyTripPage.<init>(MakeMyTripPage.java:34)
	at Pages.MakeMyTripPage.<init>(MakeMyTripPage.java:34)
	at Pages.MakeMyTripPage.<init>(MakeMyTripPage.java:34)
	at Pages.MakeMyTripPage.<init>(MakeMyTripPage.java:34)
	at Pages.MakeMyTripPage.<init>(MakeMyTripPage.java:34)
	at Pages.MakeMyTripPage.<init>(MakeMyTripPage.java:34)
	at Pages.MakeMyTripPage.<init>(MakeMyTripPage.java:34)
	at Pages.MakeMyTripPage.<init>(MakeMyTripPage.java:34)
	at Pages.MakeMyTripPage.<init>(MakeMyTripPage.java:34)
	at Pages.MakeMyTripPage.<init>(MakeMyTripPage.java:34)
	at Pages.MakeMyTripPage.<init>(MakeMyTripPage.java:34)
	at Pages.MakeMyTripPage.<init>(MakeMyTripPage.java:34)
	at Pages.MakeMyTripPage.<init>(MakeMyTripPage.java:34)
	at Pages.MakeMyTripPage.<init>(MakeMyTripPage.java:34)
	at Pages.MakeMyTripPage.<init>(MakeMyTripPage.java:34)
	at Pages.MakeMyTripPage.<init>(MakeMyTripPage.java:34)
	at Pages.MakeMyTripPage.<init>(MakeMyTripPage.java:34)
	at Pages.MakeMyTripPage.<init>(MakeMyTripPage.java:34)
	at Pages.MakeMyTripPage.<init>(MakeMyTripPage.java:34)
	at Pages.MakeMyTripPage.<init>(MakeMyTripPage.java:34)
	at Pages.MakeMyTripPage.<init>(MakeMyTripPage.java:34)
	at Pages.MakeMyTripPage.<init>(MakeMyTripPage.java:34)
	at Pages.MakeMyTripPage.<init>(MakeMyTripPage.java:34)
	at Pages.MakeMyTripPage.<init>(MakeMyTripPage.java:34)
	at Pages.MakeMyTripPage.<init>(MakeMyTripPage.java:34)
	at Pages.MakeMyTripPage.<init>(MakeMyTripPage.java:34)
	at Pages.MakeMyTripPage.<init>(MakeMyTripPage.java:34)
	at Pages.MakeMyTripPage.<init>(MakeMyTripPage.java:34)
	at Pages.MakeMyTripPage.<init>(MakeMyTripPage.java:34)
	at Pages.MakeMyTripPage.<init>(MakeMyTripPage.java:34)
	at Pages.MakeMyTripPage.<init>(MakeMyTripPage.java:34)
	at Pages.MakeMyTripPage.<init>(MakeMyTripPage.java:34)
	at Pages.MakeMyTripPage.<init>(MakeMyTripPage.java:34)
	at Pages.MakeMyTripPage.<init>(MakeMyTripPage.java:34)
	at Pages.MakeMyTripPage.<init>(MakeMyTripPage.java:34)
	at Pages.MakeMyTripPage.<init>(MakeMyTripPage.java:34)
	at Pages.MakeMyTripPage.<init>(MakeMyTripPage.java:34)
	at Pages.MakeMyTripPage.<init>(MakeMyTripPage.java:34)
	at Pages.MakeMyTripPage.<init>(MakeMyTripPage.java:34)
	at Pages.MakeMyTripPage.<init>(MakeMyTripPage.java:34)
	at Pages.MakeMyTripPage.<init>(MakeMyTripPage.java:34)
	at Pages.MakeMyTripPage.<init>(MakeMyTripPage.java:34)
	at Pages.MakeMyTripPage.<init>(MakeMyTripPage.java:34)
	at Pages.MakeMyTripPage.<init>(MakeMyTripPage.java:34)
	at Pages.MakeMyTripPage.<init>(MakeMyTripPage.java:34)
	at Pages.MakeMyTripPage.<init>(MakeMyTripPage.java:34)
	at Pages.MakeMyTripPage.<init>(MakeMyTripPage.java:34)
	at Pages.MakeMyTripPage.<init>(MakeMyTripPage.java:34)
	at Pages.MakeMyTripPage.<init>(MakeMyTripPage.java:34)
	at Pages.MakeMyTripPage.<init>(MakeMyTripPage.java:34)
	at Pages.MakeMyTripPage.<init>(MakeMyTripPage.java:34)
	at Pages.MakeMyTripPage.<init>(MakeMyTripPage.java:34)
	at Pages.MakeMyTripPage.<init>(MakeMyTripPage.java:34)
	at Pages.MakeMyTripPage.<init>(MakeMyTripPage.java:34)
	at Pages.MakeMyTripPage.<init>(MakeMyTripPage.java:34)
	at Pages.MakeMyTripPage.<init>(MakeMyTripPage.java:34)
	at Pages.MakeMyTripPage.<init>(MakeMyTripPage.java:34)
	at Pages.MakeMyTripPage.<init>(MakeMyTripPage.java:34)
	at Pages.MakeMyTripPage.<init>(MakeMyTripPage.java:34)
	at Pages.MakeMyTripPage.<init>(MakeMyTripPage.java:34)
	at Pages.MakeMyTripPage.<init>(MakeMyTripPage.java:34)
	at Pages.MakeMyTripPage.<init>(MakeMyTripPage.java:34)
	at Pages.MakeMyTripPage.<init>(MakeMyTripPage.java:34)
	at Pages.MakeMyTripPage.<init>(MakeMyTripPage.java:34)
	at Pages.MakeMyTripPage.<init>(MakeMyTripPage.java:34)
	at Pages.MakeMyTripPage.<init>(MakeMyTripPage.java:34)
	at Pages.MakeMyTripPage.<init>(MakeMyTripPage.java:34)
	at Pages.MakeMyTripPage.<init>(MakeMyTripPage.java:34)
	at Pages.MakeMyTripPage.<init>(MakeMyTripPage.java:34)
	at Pages.MakeMyTripPage.<init>(MakeMyTripPage.java:34)
	at Pages.MakeMyTripPage.<init>(MakeMyTripPage.java:34)
	at Pages.MakeMyTripPage.<init>(MakeMyTripPage.java:34)
	at Pages.MakeMyTripPage.<init>(MakeMyTripPage.java:34)
	at Pages.MakeMyTripPage.<init>(MakeMyTripPage.java:34)
	at Pages.MakeMyTripPage.<init>(MakeMyTripPage.java:34)
	at Pages.MakeMyTripPage.<init>(MakeMyTripPage.java:34)
	at Pages.MakeMyTripPage.<init>(MakeMyTripPage.java:34)
	at Pages.MakeMyTripPage.<init>(MakeMyTripPage.java:34)
	at Pages.MakeMyTripPage.<init>(MakeMyTripPage.java:34)
	at Pages.MakeMyTripPage.<init>(MakeMyTripPage.java:34)
	at Pages.MakeMyTripPage.<init>(MakeMyTripPage.java:34)
	at Pages.MakeMyTripPage.<init>(MakeMyTripPage.java:34)
	at Pages.MakeMyTripPage.<init>(MakeMyTripPage.java:34)
	at Pages.MakeMyTripPage.<init>(MakeMyTripPage.java:34)
	at Pages.MakeMyTripPage.<init>(MakeMyTripPage.java:34)
	at Pages.MakeMyTripPage.<init>(MakeMyTripPage.java:34)
	at Pages.MakeMyTripPage.<init>(MakeMyTripPage.java:34)
	at Pages.MakeMyTripPage.<init>(MakeMyTripPage.java:34)
	at Pages.MakeMyTripPage.<init>(MakeMyTripPage.java:34)
	at Pages.MakeMyTripPage.<init>(MakeMyTripPage.java:34)
	at Pages.MakeMyTripPage.<init>(MakeMyTripPage.java:34)
	at Pages.MakeMyTripPage.<init>(MakeMyTripPage.java:34)
	at Pages.MakeMyTripPage.<init>(MakeMyTripPage.java:34)
	at Pages.MakeMyTripPage.<init>(MakeMyTripPage.java:34)
	at Pages.MakeMyTripPage.<init>(MakeMyTripPage.java:34)
	at Pages.MakeMyTripPage.<init>(MakeMyTripPage.java:34)
	at Pages.MakeMyTripPage.<init>(MakeMyTripPage.java:34)
	at Pages.MakeMyTripPage.<init>(MakeMyTripPage.java:34)
	at Pages.MakeMyTripPage.<init>(MakeMyTripPage.java:34)
	at Pages.MakeMyTripPage.<init>(MakeMyTripPage.java:34)
	at Pages.MakeMyTripPage.<init>(MakeMyTripPage.java:34)
	at Pages.MakeMyTripPage.<init>(MakeMyTripPage.java:34)
	at Pages.MakeMyTripPage.<init>(MakeMyTripPage.java:34)
	at Pages.MakeMyTripPage.<init>(MakeMyTripPage.java:34)
	at Pages.MakeMyTripPage.<init>(MakeMyTripPage.java:34)
	at Pages.MakeMyTripPage.<init>(MakeMyTripPage.java:34)
	at Pages.MakeMyTripPage.<init>(MakeMyTripPage.java:34)
	at Pages.MakeMyTripPage.<init>(MakeMyTripPage.java:34)
	at Pages.MakeMyTripPage.<init>(MakeMyTripPage.java:34)
	at Pages.MakeMyTripPage.<init>(MakeMyTripPage.java:34)
	at Pages.MakeMyTripPage.<init>(MakeMyTripPage.java:34)
	at Pages.MakeMyTripPage.<init>(MakeMyTripPage.java:34)
	at Pages.MakeMyTripPage.<init>(MakeMyTripPage.java:34)
	at Pages.MakeMyTripPage.<init>(MakeMyTripPage.java:34)
	at Pages.MakeMyTripPage.<init>(MakeMyTripPage.java:34)
	at Pages.MakeMyTripPage.<init>(MakeMyTripPage.java:34)
	at Pages.MakeMyTripPage.<init>(MakeMyTripPage.java:34)
	at Pages.MakeMyTripPage.<init>(MakeMyTripPage.java:34)
	at Pages.MakeMyTripPage.<init>(MakeMyTripPage.java:34)
	at Pages.MakeMyTripPage.<init>(MakeMyTripPage.java:34)
	at Pages.MakeMyTripPage.<init>(MakeMyTripPage.java:34)
	at Pages.MakeMyTripPage.<init>(MakeMyTripPage.java:34)
	at Pages.MakeMyTripPage.<init>(MakeMyTripPage.java:34)
	at Pages.MakeMyTripPage.<init>(MakeMyTripPage.java:34)
	at Pages.MakeMyTripPage.<init>(MakeMyTripPage.java:34)
	at Pages.MakeMyTripPage.<init>(MakeMyTripPage.java:34)
	at Pages.MakeMyTripPage.<init>(MakeMyTripPage.java:34)
	at Pages.MakeMyTripPage.<init>(MakeMyTripPage.java:34)
	at Pages.MakeMyTripPage.<init>(MakeMyTripPage.java:34)
	at Pages.MakeMyTripPage.<init>(MakeMyTripPage.java:34)
	at Pages.MakeMyTripPage.<init>(MakeMyTripPage.java:34)
	at Pages.MakeMyTripPage.<init>(MakeMyTripPage.java:34)
	at Pages.MakeMyTripPage.<init>(MakeMyTripPage.java:34)
	at Pages.MakeMyTripPage.<init>(MakeMyTripPage.java:34)
	at Pages.MakeMyTripPage.<init>(MakeMyTripPage.java:34)
	at Pages.MakeMyTripPage.<init>(MakeMyTripPage.java:34)
	at Pages.MakeMyTripPage.<init>(MakeMyTripPage.java:34)
	at Pages.MakeMyTripPage.<init>(MakeMyTripPage.java:34)
	at Pages.MakeMyTripPage.<init>(MakeMyTripPage.java:34)
	at Pages.MakeMyTripPage.<init>(MakeMyTripPage.java:34)
	at Pages.MakeMyTripPage.<init>(MakeMyTripPage.java:34)
	at Pages.MakeMyTripPage.<init>(MakeMyTripPage.java:34)
	at Pages.MakeMyTripPage.<init>(MakeMyTripPage.java:34)
	at Pages.MakeMyTripPage.<init>(MakeMyTripPage.java:34)
	at Pages.MakeMyTripPage.<init>(MakeMyTripPage.java:34)
	at Pages.MakeMyTripPage.<init>(MakeMyTripPage.java:34)
	at Pages.MakeMyTripPage.<init>(MakeMyTripPage.java:34)
	at Pages.MakeMyTripPage.<init>(MakeMyTripPage.java:34)
	at Pages.MakeMyTripPage.<init>(MakeMyTripPage.java:34)
	at Pages.MakeMyTripPage.<init>(MakeMyTripPage.java:34)
	at Pages.MakeMyTripPage.<init>(MakeMyTripPage.java:34)
	at Pages.MakeMyTripPage.<init>(MakeMyTripPage.java:34)
	at Pages.MakeMyTripPage.<init>(MakeMyTripPage.java:34)
	at Pages.MakeMyTripPage.<init>(MakeMyTripPage.java:34)
	at Pages.MakeMyTripPage.<init>(MakeMyTripPage.java:34)
	at Pages.MakeMyTripPage.<init>(MakeMyTripPage.java:34)
	at Pages.MakeMyTripPage.<init>(MakeMyTripPage.java:34)
	at Pages.MakeMyTripPage.<init>(MakeMyTripPage.java:34)
	at Pages.MakeMyTripPage.<init>(MakeMyTripPage.java:34)
	at Pages.MakeMyTripPage.<init>(MakeMyTripPage.java:34)
	at Pages.MakeMyTripPage.<init>(MakeMyTripPage.java:34)
	at Pages.MakeMyTripPage.<init>(MakeMyTripPage.java:34)
	at Pages.MakeMyTripPage.<init>(MakeMyTripPage.java:34)
	at Pages.MakeMyTripPage.<init>(MakeMyTripPage.java:34)
	at Pages.MakeMyTripPage.<init>(MakeMyTripPage.java:34)
	at Pages.MakeMyTripPage.<init>(MakeMyTripPage.java:34)
	at Pages.MakeMyTripPage.<init>(MakeMyTripPage.java:34)
	at Pages.MakeMyTripPage.<init>(MakeMyTripPage.java:34)
	at Pages.MakeMyTripPage.<init>(MakeMyTripPage.java:34)
	at Pages.MakeMyTripPage.<init>(MakeMyTripPage.java:34)
	at Pages.MakeMyTripPage.<init>(MakeMyTripPage.java:34)
	at Pages.MakeMyTripPage.<init>(MakeMyTripPage.java:34)
	at Pages.MakeMyTripPage.<init>(MakeMyTripPage.java:34)
	at Pages.MakeMyTripPage.<init>(MakeMyTripPage.java:34)
	at Pages.MakeMyTripPage.<init>(MakeMyTripPage.java:34)
	at Pages.MakeMyTripPage.<init>(MakeMyTripPage.java:34)
	at Pages.MakeMyTripPage.<init>(MakeMyTripPage.java:34)
	at Pages.MakeMyTripPage.<init>(MakeMyTripPage.java:34)
	at Pages.MakeMyTripPage.<init>(MakeMyTripPage.java:34)
	at Pages.MakeMyTripPage.<init>(MakeMyTripPage.java:34)
	at Pages.MakeMyTripPage.<init>(MakeMyTripPage.java:34)
	at Pages.MakeMyTripPage.<init>(MakeMyTripPage.java:34)
	at Pages.MakeMyTripPage.<init>(MakeMyTripPage.java:34)
	at Pages.MakeMyTripPage.<init>(MakeMyTripPage.java:34)
	at Pages.MakeMyTripPage.<init>(MakeMyTripPage.java:34)
	at Pages.MakeMyTripPage.<init>(MakeMyTripPage.java:34)
	at Pages.MakeMyTripPage.<init>(MakeMyTripPage.java:34)
	at Pages.MakeMyTripPage.<init>(MakeMyTripPage.java:34)
	at Pages.MakeMyTripPage.<init>(MakeMyTripPage.java:34)
	at Pages.MakeMyTripPage.<init>(MakeMyTripPage.java:34)
	at Pages.MakeMyTripPage.<init>(MakeMyTripPage.java:34)
	at Pages.MakeMyTripPage.<init>(MakeMyTripPage.java:34)
	at Pages.MakeMyTripPage.<init>(MakeMyTripPage.java:34)
	at Pages.MakeMyTripPage.<init>(MakeMyTripPage.java:34)
	at Pages.MakeMyTripPage.<init>(MakeMyTripPage.java:34)
	at Pages.MakeMyTripPage.<init>(MakeMyTripPage.java:34)
	at Pages.MakeMyTripPage.<init>(MakeMyTripPage.java:34)
	at Pages.MakeMyTripPage.<init>(MakeMyTripPage.java:34)
	at Pages.MakeMyTripPage.<init>(MakeMyTripPage.java:34)
	at Pages.MakeMyTripPage.<init>(MakeMyTripPage.java:34)
	at Pages.MakeMyTripPage.<init>(MakeMyTripPage.java:34)
	at Pages.MakeMyTripPage.<init>(MakeMyTripPage.java:34)
	at Pages.MakeMyTripPage.<init>(MakeMyTripPage.java:34)
	at Pages.MakeMyTripPage.<init>(MakeMyTripPage.java:34)
	at Pages.MakeMyTripPage.<init>(MakeMyTripPage.java:34)
	at Pages.MakeMyTripPage.<init>(MakeMyTripPage.java:34)
	at Pages.MakeMyTripPage.<init>(MakeMyTripPage.java:34)
	at Pages.MakeMyTripPage.<init>(MakeMyTripPage.java:34)
	at Pages.MakeMyTripPage.<init>(MakeMyTripPage.java:34)
	at Pages.MakeMyTripPage.<init>(MakeMyTripPage.java:34)
	at Pages.MakeMyTripPage.<init>(MakeMyTripPage.java:34)
	at Pages.MakeMyTripPage.<init>(MakeMyTripPage.java:34)
	at Pages.MakeMyTripPage.<init>(MakeMyTripPage.java:34)
	at Pages.MakeMyTripPage.<init>(MakeMyTripPage.java:34)
	at Pages.MakeMyTripPage.<init>(MakeMyTripPage.java:34)
	at Pages.MakeMyTripPage.<init>(MakeMyTripPage.java:34)
	at Pages.MakeMyTripPage.<init>(MakeMyTripPage.java:34)
	at Pages.MakeMyTripPage.<init>(MakeMyTripPage.java:34)
	at Pages.MakeMyTripPage.<init>(MakeMyTripPage.java:34)
	at Pages.MakeMyTripPage.<init>(MakeMyTripPage.java:34)
	at Pages.MakeMyTripPage.<init>(MakeMyTripPage.java:34)
	at Pages.MakeMyTripPage.<init>(MakeMyTripPage.java:34)
	at Pages.MakeMyTripPage.<init>(MakeMyTripPage.java:34)
	at Pages.MakeMyTripPage.<init>(MakeMyTripPage.java:34)
	at Pages.MakeMyTripPage.<init>(MakeMyTripPage.java:34)
	at Pages.MakeMyTripPage.<init>(MakeMyTripPage.java:34)
	at Pages.MakeMyTripPage.<init>(MakeMyTripPage.java:34)
	at Pages.MakeMyTripPage.<init>(MakeMyTripPage.java:34)
	at Pages.MakeMyTripPage.<init>(MakeMyTripPage.java:34)
	at Pages.MakeMyTripPage.<init>(MakeMyTripPage.java:34)
	at Pages.MakeMyTripPage.<init>(MakeMyTripPage.java:34)
	at Pages.MakeMyTripPage.<init>(MakeMyTripPage.java:34)
	at Pages.MakeMyTripPage.<init>(MakeMyTripPage.java:34)
	at Pages.MakeMyTripPage.<init>(MakeMyTripPage.java:34)
	at Pages.MakeMyTripPage.<init>(MakeMyTripPage.java:34)
	at Pages.MakeMyTripPage.<init>(MakeMyTripPage.java:34)
	at Pages.MakeMyTripPage.<init>(MakeMyTripPage.java:34)
	at Pages.MakeMyTripPage.<init>(MakeMyTripPage.java:34)
	at Pages.MakeMyTripPage.<init>(MakeMyTripPage.java:34)
	at Pages.MakeMyTripPage.<init>(MakeMyTripPage.java:34)
	at Pages.MakeMyTripPage.<init>(MakeMyTripPage.java:34)
	at Pages.MakeMyTripPage.<init>(MakeMyTripPage.java:34)
	at Pages.MakeMyTripPage.<init>(MakeMyTripPage.java:34)
	at Pages.MakeMyTripPage.<init>(MakeMyTripPage.java:34)
	at Pages.MakeMyTripPage.<init>(MakeMyTripPage.java:34)
	at Pages.MakeMyTripPage.<init>(MakeMyTripPage.java:34)
	at Pages.MakeMyTripPage.<init>(MakeMyTripPage.java:34)
	at Pages.MakeMyTripPage.<init>(MakeMyTripPage.java:34)
	at Pages.MakeMyTripPage.<init>(MakeMyTripPage.java:34)
	at Pages.MakeMyTripPage.<init>(MakeMyTripPage.java:34)
	at Pages.MakeMyTripPage.<init>(MakeMyTripPage.java:34)
	at Pages.MakeMyTripPage.<init>(MakeMyTripPage.java:34)
	at Pages.MakeMyTripPage.<init>(MakeMyTripPage.java:34)
	at Pages.MakeMyTripPage.<init>(MakeMyTripPage.java:34)
	at Pages.MakeMyTripPage.<init>(MakeMyTripPage.java:34)
	at Pages.MakeMyTripPage.<init>(MakeMyTripPage.java:34)
	at Pages.MakeMyTripPage.<init>(MakeMyTripPage.java:34)
	at Pages.MakeMyTripPage.<init>(MakeMyTripPage.java:34)
	at Pages.MakeMyTripPage.<init>(MakeMyTripPage.java:34)
	at Pages.MakeMyTripPage.<init>(MakeMyTripPage.java:34)
	at Pages.MakeMyTripPage.<init>(MakeMyTripPage.java:34)
	at Pages.MakeMyTripPage.<init>(MakeMyTripPage.java:34)
	at Pages.MakeMyTripPage.<init>(MakeMyTripPage.java:34)
	at Pages.MakeMyTripPage.<init>(MakeMyTripPage.java:34)
	at Pages.MakeMyTripPage.<init>(MakeMyTripPage.java:34)
	at Pages.MakeMyTripPage.<init>(MakeMyTripPage.java:34)
	at Pages.MakeMyTripPage.<init>(MakeMyTripPage.java:34)
	at Pages.MakeMyTripPage.<init>(MakeMyTripPage.java:34)
	at Pages.MakeMyTripPage.<init>(MakeMyTripPage.java:34)
	at Pages.MakeMyTripPage.<init>(MakeMyTripPage.java:34)
	at Pages.MakeMyTripPage.<init>(MakeMyTripPage.java:34)
	at Pages.MakeMyTripPage.<init>(MakeMyTripPage.java:34)
	at Pages.MakeMyTripPage.<init>(MakeMyTripPage.java:34)
	at Pages.MakeMyTripPage.<init>(MakeMyTripPage.java:34)
	at Pages.MakeMyTripPage.<init>(MakeMyTripPage.java:34)
	at Pages.MakeMyTripPage.<init>(MakeMyTripPage.java:34)
	at Pages.MakeMyTripPage.<init>(MakeMyTripPage.java:34)
	at Pages.MakeMyTripPage.<init>(MakeMyTripPage.java:34)
	at Pages.MakeMyTripPage.<init>(MakeMyTripPage.java:34)
	at Pages.MakeMyTripPage.<init>(MakeMyTripPage.java:34)
	at Pages.MakeMyTripPage.<init>(MakeMyTripPage.java:34)
	at Pages.MakeMyTripPage.<init>(MakeMyTripPage.java:34)
	at Pages.MakeMyTripPage.<init>(MakeMyTripPage.java:34)
	at Pages.MakeMyTripPage.<init>(MakeMyTripPage.java:34)
	at Pages.MakeMyTripPage.<init>(MakeMyTripPage.java:34)
	at Pages.MakeMyTripPage.<init>(MakeMyTripPage.java:34)
	at Pages.MakeMyTripPage.<init>(MakeMyTripPage.java:34)
]]>
    </failure>
  </testcase> <!-- @BeforeClass setup -->
  <testcase name="@BeforeClass runDriver" time="0.0" classname="Tests.DepositTest">
    <skipped/>
  </testcase> <!-- @BeforeClass runDriver -->
  <testcase name="@AfterClass close" time="0.0" classname="Tests.DepositTest">
    <skipped/>
  </testcase> <!-- @AfterClass close -->
  <testcase name="@AfterClass close" time="0.0" classname="Tests.MakeMyTripTest">
    <skipped/>
  </testcase> <!-- @AfterClass close -->
  <testcase name="@BeforeClass runDriver" time="0.0" classname="Tests.SyngentaTest">
    <skipped/>
  </testcase> <!-- @BeforeClass runDriver -->
  <testcase name="@BeforeClass setup" time="0.0" classname="Tests.SyngentaTest">
    <skipped/>
  </testcase> <!-- @BeforeClass setup -->
  <testcase name="@AfterClass close" time="0.0" classname="Tests.SyngentaTest">
    <skipped/>
  </testcase> <!-- @AfterClass close -->
  <testcase name="successfulCustomerAdd" time="4.607" classname="Tests.NewCustomerTest">
    <failure type="org.openqa.selenium.UnhandledAlertException" message="unexpected alert open: {Alert text : User or Password is not valid}
  (Session info: chrome=70.0.3538.77)
  (Driver info: chromedriver=2.41.578737 (49da6702b16031c40d63e5618de03a32ff6c197e),platform=Windows NT 6.3.9600 x86_64) (WARNING: The server did not provide any stacktrace information)
Command duration or timeout: 0 milliseconds: null
Build info: version: &amp;apos;3.5.3&amp;apos;, revision: &amp;apos;a88d25fe6b&amp;apos;, time: &amp;apos;2017-08-29T12:42:44.417Z&amp;apos;
System info: host: &amp;apos;ASUS&amp;apos;, ip: &amp;apos;169.254.34.60&amp;apos;, os.name: &amp;apos;Windows 8.1&amp;apos;, os.arch: &amp;apos;amd64&amp;apos;, os.version: &amp;apos;6.3&amp;apos;, java.version: &amp;apos;1.8.0_73&amp;apos;
Driver info: org.openqa.selenium.chrome.ChromeDriver
Capabilities [{mobileEmulationEnabled=false, hasTouchScreen=false, platform=WIN8_1, acceptSslCerts=false, goog:chromeOptions={debuggerAddress=localhost:15984}, acceptInsecureCerts=false, webStorageEnabled=true, browserName=chrome, takesScreenshot=true, javascriptEnabled=true, platformName=WIN8_1, setWindowRect=true, unexpectedAlertBehaviour=, applicationCacheEnabled=false, rotatable=false, networkConnectionEnabled=false, chrome={chromedriverVersion=2.41.578737 (49da6702b16031c40d63e5618de03a32ff6c197e), userDataDir=C:\Users\ASUSPC~1\AppData\Local\Temp\scoped_dir9968_26466}, takesHeapSnapshot=true, unhandledPromptBehavior=, pageLoadStrategy=normal, databaseEnabled=false, handlesAlerts=true, version=70.0.3538.77, browserConnectionEnabled=false, nativeEvents=true, locationContextEnabled=true, cssSelectorsEnabled=true}]
Session ID: fdc335ebe643d5c5fa0f1a31876289d9
*** Element info: {Using=link text, value=New Customer}">
      <![CDATA[org.openqa.selenium.UnhandledAlertException: unexpected alert open: {Alert text : User or Password is not valid}
  (Session info: chrome=70.0.3538.77)
  (Driver info: chromedriver=2.41.578737 (49da6702b16031c40d63e5618de03a32ff6c197e),platform=Windows NT 6.3.9600 x86_64) (WARNING: The server did not provide any stacktrace information)
Command duration or timeout: 0 milliseconds: null
Build info: version: '3.5.3', revision: 'a88d25fe6b', time: '2017-08-29T12:42:44.417Z'
System info: host: 'ASUS', ip: '169.254.34.60', os.name: 'Windows 8.1', os.arch: 'amd64', os.version: '6.3', java.version: '1.8.0_73'
Driver info: org.openqa.selenium.chrome.ChromeDriver
Capabilities [{mobileEmulationEnabled=false, hasTouchScreen=false, platform=WIN8_1, acceptSslCerts=false, goog:chromeOptions={debuggerAddress=localhost:15984}, acceptInsecureCerts=false, webStorageEnabled=true, browserName=chrome, takesScreenshot=true, javascriptEnabled=true, platformName=WIN8_1, setWindowRect=true, unexpectedAlertBehaviour=, applicationCacheEnabled=false, rotatable=false, networkConnectionEnabled=false, chrome={chromedriverVersion=2.41.578737 (49da6702b16031c40d63e5618de03a32ff6c197e), userDataDir=C:\Users\ASUSPC~1\AppData\Local\Temp\scoped_dir9968_26466}, takesHeapSnapshot=true, unhandledPromptBehavior=, pageLoadStrategy=normal, databaseEnabled=false, handlesAlerts=true, version=70.0.3538.77, browserConnectionEnabled=false, nativeEvents=true, locationContextEnabled=true, cssSelectorsEnabled=true}]
Session ID: fdc335ebe643d5c5fa0f1a31876289d9
*** Element info: {Using=link text, value=New Customer}
	at sun.reflect.NativeConstructorAccessorImpl.newInstance0(Native Method)
	at sun.reflect.NativeConstructorAccessorImpl.newInstance(NativeConstructorAccessorImpl.java:62)
	at sun.reflect.DelegatingConstructorAccessorImpl.newInstance(DelegatingConstructorAccessorImpl.java:45)
	at java.lang.reflect.Constructor.newInstance(Constructor.java:422)
	at org.openqa.selenium.remote.ErrorHandler.createThrowable(ErrorHandler.java:215)
	at org.openqa.selenium.remote.ErrorHandler.throwIfResponseFailed(ErrorHandler.java:173)
	at org.openqa.selenium.remote.http.JsonHttpResponseCodec.reconstructValue(JsonHttpResponseCodec.java:40)
	at org.openqa.selenium.remote.http.AbstractHttpResponseCodec.decode(AbstractHttpResponseCodec.java:82)
	at org.openqa.selenium.remote.http.AbstractHttpResponseCodec.decode(AbstractHttpResponseCodec.java:45)
	at org.openqa.selenium.remote.HttpCommandExecutor.execute(HttpCommandExecutor.java:164)
	at org.openqa.selenium.remote.service.DriverCommandExecutor.execute(DriverCommandExecutor.java:82)
	at org.openqa.selenium.remote.RemoteWebDriver.execute(RemoteWebDriver.java:646)
	at org.openqa.selenium.remote.RemoteWebDriver.findElement(RemoteWebDriver.java:416)
	at org.openqa.selenium.remote.RemoteWebDriver.findElementByLinkText(RemoteWebDriver.java:470)
	at org.openqa.selenium.By$ByLinkText.findElement(By.java:246)
	at org.openqa.selenium.remote.RemoteWebDriver.findElement(RemoteWebDriver.java:408)
	at org.openqa.selenium.support.pagefactory.DefaultElementLocator.findElement(DefaultElementLocator.java:69)
	at org.openqa.selenium.support.pagefactory.internal.LocatingElementHandler.invoke(LocatingElementHandler.java:38)
	at com.sun.proxy.$Proxy10.isDisplayed(Unknown Source)
	at org.openqa.selenium.support.ui.ExpectedConditions.elementIfVisible(ExpectedConditions.java:302)
	at org.openqa.selenium.support.ui.ExpectedConditions.access$100(ExpectedConditions.java:44)
	at org.openqa.selenium.support.ui.ExpectedConditions$10.apply(ExpectedConditions.java:288)
	at org.openqa.selenium.support.ui.ExpectedConditions$10.apply(ExpectedConditions.java:285)
	at org.openqa.selenium.support.ui.FluentWait.until(FluentWait.java:209)
	at Pages.HomePage.clickNewCustomer(HomePage.java:73)
	at Tests.NewCustomerTest.successfulCustomerAdd(NewCustomerTest.java:48)
	at sun.reflect.NativeMethodAccessorImpl.invoke0(Native Method)
	at sun.reflect.NativeMethodAccessorImpl.invoke(NativeMethodAccessorImpl.java:62)
	at sun.reflect.DelegatingMethodAccessorImpl.invoke(DelegatingMethodAccessorImpl.java:43)
	at java.lang.reflect.Method.invoke(Method.java:497)
	at org.testng.internal.MethodInvocationHelper.invokeMethod(MethodInvocationHelper.java:80)
	at org.testng.internal.Invoker.invokeMethod(Invoker.java:714)
	at org.testng.internal.Invoker.invokeTestMethod(Invoker.java:901)
	at org.testng.internal.Invoker.invokeTestMethods(Invoker.java:1231)
	at org.testng.internal.TestMethodWorker.invokeTestMethods(TestMethodWorker.java:127)
	at org.testng.internal.TestMethodWorker.run(TestMethodWorker.java:111)
	at org.testng.TestRunner.privateRun(TestRunner.java:767)
	at org.testng.TestRunner.run(TestRunner.java:617)
	at org.testng.SuiteRunner.runTest(SuiteRunner.java:334)
	at org.testng.SuiteRunner.runSequentially(SuiteRunner.java:329)
	at org.testng.SuiteRunner.privateRun(SuiteRunner.java:291)
	at org.testng.SuiteRunner.run(SuiteRunner.java:240)
	at org.testng.SuiteRunnerWorker.runSuite(SuiteRunnerWorker.java:52)
	at org.testng.SuiteRunnerWorker.run(SuiteRunnerWorker.java:86)
	at org.testng.TestNG.runSuitesSequentially(TestNG.java:1198)
	at org.testng.TestNG.runSuitesLocally(TestNG.java:1123)
	at org.testng.TestNG.run(TestNG.java:1031)
	at org.testng.remote.AbstractRemoteTestNG.run(AbstractRemoteTestNG.java:114)
	at org.testng.remote.RemoteTestNG.initAndRun(RemoteTestNG.java:251)
	at org.testng.remote.RemoteTestNG.main(RemoteTestNG.java:77)
]]>
    </failure>
  </testcase> <!-- successfulCustomerAdd -->
  <testcase name="invalidUsernameValidPassword" time="1.408" classname="Tests.LoginTest"/>
  <testcase name="validUsernameInvalidPassword" time="8.388" classname="Tests.LoginTest"/>
  <testcase name="invalidUsernamePassword" time="5.671" classname="Tests.LoginTest"/>
  <testcase name="validUsernamePassword" time="3.033" classname="Tests.LoginTest">
    <failure type="org.openqa.selenium.UnhandledAlertException" message="unexpected alert open: {Alert text : User or Password is not valid}
  (Session info: chrome=70.0.3538.77)
  (Driver info: chromedriver=2.41.578737 (49da6702b16031c40d63e5618de03a32ff6c197e),platform=Windows NT 6.3.9600 x86_64) (WARNING: The server did not provide any stacktrace information)
Command duration or timeout: 0 milliseconds: null
Build info: version: &amp;apos;3.5.3&amp;apos;, revision: &amp;apos;a88d25fe6b&amp;apos;, time: &amp;apos;2017-08-29T12:42:44.417Z&amp;apos;
System info: host: &amp;apos;ASUS&amp;apos;, ip: &amp;apos;169.254.34.60&amp;apos;, os.name: &amp;apos;Windows 8.1&amp;apos;, os.arch: &amp;apos;amd64&amp;apos;, os.version: &amp;apos;6.3&amp;apos;, java.version: &amp;apos;1.8.0_73&amp;apos;
Driver info: org.openqa.selenium.chrome.ChromeDriver
Capabilities [{mobileEmulationEnabled=false, hasTouchScreen=false, platform=WIN8_1, acceptSslCerts=false, goog:chromeOptions={debuggerAddress=localhost:16052}, acceptInsecureCerts=false, webStorageEnabled=true, browserName=chrome, takesScreenshot=true, javascriptEnabled=true, platformName=WIN8_1, setWindowRect=true, unexpectedAlertBehaviour=, applicationCacheEnabled=false, rotatable=false, networkConnectionEnabled=false, chrome={chromedriverVersion=2.41.578737 (49da6702b16031c40d63e5618de03a32ff6c197e), userDataDir=C:\Users\ASUSPC~1\AppData\Local\Temp\scoped_dir9920_9129}, takesHeapSnapshot=true, unhandledPromptBehavior=, pageLoadStrategy=normal, databaseEnabled=false, handlesAlerts=true, version=70.0.3538.77, browserConnectionEnabled=false, nativeEvents=true, locationContextEnabled=true, cssSelectorsEnabled=true}]
Session ID: c81f66f7ea356d7500ff10701caf8ff4">
      <![CDATA[org.openqa.selenium.UnhandledAlertException: unexpected alert open: {Alert text : User or Password is not valid}
  (Session info: chrome=70.0.3538.77)
  (Driver info: chromedriver=2.41.578737 (49da6702b16031c40d63e5618de03a32ff6c197e),platform=Windows NT 6.3.9600 x86_64) (WARNING: The server did not provide any stacktrace information)
Command duration or timeout: 0 milliseconds: null
Build info: version: '3.5.3', revision: 'a88d25fe6b', time: '2017-08-29T12:42:44.417Z'
System info: host: 'ASUS', ip: '169.254.34.60', os.name: 'Windows 8.1', os.arch: 'amd64', os.version: '6.3', java.version: '1.8.0_73'
Driver info: org.openqa.selenium.chrome.ChromeDriver
Capabilities [{mobileEmulationEnabled=false, hasTouchScreen=false, platform=WIN8_1, acceptSslCerts=false, goog:chromeOptions={debuggerAddress=localhost:16052}, acceptInsecureCerts=false, webStorageEnabled=true, browserName=chrome, takesScreenshot=true, javascriptEnabled=true, platformName=WIN8_1, setWindowRect=true, unexpectedAlertBehaviour=, applicationCacheEnabled=false, rotatable=false, networkConnectionEnabled=false, chrome={chromedriverVersion=2.41.578737 (49da6702b16031c40d63e5618de03a32ff6c197e), userDataDir=C:\Users\ASUSPC~1\AppData\Local\Temp\scoped_dir9920_9129}, takesHeapSnapshot=true, unhandledPromptBehavior=, pageLoadStrategy=normal, databaseEnabled=false, handlesAlerts=true, version=70.0.3538.77, browserConnectionEnabled=false, nativeEvents=true, locationContextEnabled=true, cssSelectorsEnabled=true}]
Session ID: c81f66f7ea356d7500ff10701caf8ff4
	at sun.reflect.NativeConstructorAccessorImpl.newInstance0(Native Method)
	at sun.reflect.NativeConstructorAccessorImpl.newInstance(NativeConstructorAccessorImpl.java:62)
	at sun.reflect.DelegatingConstructorAccessorImpl.newInstance(DelegatingConstructorAccessorImpl.java:45)
	at java.lang.reflect.Constructor.newInstance(Constructor.java:422)
	at org.openqa.selenium.remote.ErrorHandler.createThrowable(ErrorHandler.java:215)
	at org.openqa.selenium.remote.ErrorHandler.throwIfResponseFailed(ErrorHandler.java:173)
	at org.openqa.selenium.remote.http.JsonHttpResponseCodec.reconstructValue(JsonHttpResponseCodec.java:40)
	at org.openqa.selenium.remote.http.AbstractHttpResponseCodec.decode(AbstractHttpResponseCodec.java:82)
	at org.openqa.selenium.remote.http.AbstractHttpResponseCodec.decode(AbstractHttpResponseCodec.java:45)
	at org.openqa.selenium.remote.HttpCommandExecutor.execute(HttpCommandExecutor.java:164)
	at org.openqa.selenium.remote.service.DriverCommandExecutor.execute(DriverCommandExecutor.java:82)
	at org.openqa.selenium.remote.RemoteWebDriver.execute(RemoteWebDriver.java:646)
	at org.openqa.selenium.remote.RemoteWebDriver.execute(RemoteWebDriver.java:703)
	at org.openqa.selenium.remote.RemoteWebDriver.getTitle(RemoteWebDriver.java:374)
	at Pages.LoginPage.getTitle(LoginPage.java:52)
	at Tests.LoginTest.validUsernamePassword(LoginTest.java:42)
	at sun.reflect.NativeMethodAccessorImpl.invoke0(Native Method)
	at sun.reflect.NativeMethodAccessorImpl.invoke(NativeMethodAccessorImpl.java:62)
	at sun.reflect.DelegatingMethodAccessorImpl.invoke(DelegatingMethodAccessorImpl.java:43)
	at java.lang.reflect.Method.invoke(Method.java:497)
	at org.testng.internal.MethodInvocationHelper.invokeMethod(MethodInvocationHelper.java:80)
	at org.testng.internal.Invoker.invokeMethod(Invoker.java:714)
	at org.testng.internal.Invoker.invokeTestMethod(Invoker.java:901)
	at org.testng.internal.Invoker.invokeTestMethods(Invoker.java:1231)
	at org.testng.internal.TestMethodWorker.invokeTestMethods(TestMethodWorker.java:127)
	at org.testng.internal.TestMethodWorker.run(TestMethodWorker.java:111)
	at org.testng.TestRunner.privateRun(TestRunner.java:767)
	at org.testng.TestRunner.run(TestRunner.java:617)
	at org.testng.SuiteRunner.runTest(SuiteRunner.java:334)
	at org.testng.SuiteRunner.runSequentially(SuiteRunner.java:329)
	at org.testng.SuiteRunner.privateRun(SuiteRunner.java:291)
	at org.testng.SuiteRunner.run(SuiteRunner.java:240)
	at org.testng.SuiteRunnerWorker.runSuite(SuiteRunnerWorker.java:52)
	at org.testng.SuiteRunnerWorker.run(SuiteRunnerWorker.java:86)
	at org.testng.TestNG.runSuitesSequentially(TestNG.java:1198)
	at org.testng.TestNG.runSuitesLocally(TestNG.java:1123)
	at org.testng.TestNG.run(TestNG.java:1031)
	at org.testng.remote.AbstractRemoteTestNG.run(AbstractRemoteTestNG.java:114)
	at org.testng.remote.RemoteTestNG.initAndRun(RemoteTestNG.java:251)
	at org.testng.remote.RemoteTestNG.main(RemoteTestNG.java:77)
]]>
    </failure>
  </testcase> <!-- validUsernamePassword -->
  <testcase name="verifyLinkText" time="0.096" classname="Tests.ToolTipTest">
    <failure type="org.openqa.selenium.NoSuchElementException" message="no such element: Unable to locate element: {&amp;quot;method&amp;quot;:&amp;quot;id&amp;quot;,&amp;quot;selector&amp;quot;:&amp;quot;download_now&amp;quot;}
  (Session info: chrome=70.0.3538.77)
  (Driver info: chromedriver=2.41.578737 (49da6702b16031c40d63e5618de03a32ff6c197e),platform=Windows NT 6.3.9600 x86_64) (WARNING: The server did not provide any stacktrace information)
Command duration or timeout: 0 milliseconds
For documentation on this error, please visit: http://seleniumhq.org/exceptions/no_such_element.html
Build info: version: &amp;apos;3.5.3&amp;apos;, revision: &amp;apos;a88d25fe6b&amp;apos;, time: &amp;apos;2017-08-29T12:42:44.417Z&amp;apos;
System info: host: &amp;apos;ASUS&amp;apos;, ip: &amp;apos;169.254.34.60&amp;apos;, os.name: &amp;apos;Windows 8.1&amp;apos;, os.arch: &amp;apos;amd64&amp;apos;, os.version: &amp;apos;6.3&amp;apos;, java.version: &amp;apos;1.8.0_73&amp;apos;
Driver info: org.openqa.selenium.chrome.ChromeDriver
Capabilities [{mobileEmulationEnabled=false, hasTouchScreen=false, platform=WIN8_1, acceptSslCerts=false, goog:chromeOptions={debuggerAddress=localhost:16185}, acceptInsecureCerts=false, webStorageEnabled=true, browserName=chrome, takesScreenshot=true, javascriptEnabled=true, platformName=WIN8_1, setWindowRect=true, unexpectedAlertBehaviour=, applicationCacheEnabled=false, rotatable=false, networkConnectionEnabled=false, chrome={chromedriverVersion=2.41.578737 (49da6702b16031c40d63e5618de03a32ff6c197e), userDataDir=C:\Users\ASUSPC~1\AppData\Local\Temp\scoped_dir6764_31870}, takesHeapSnapshot=true, unhandledPromptBehavior=, pageLoadStrategy=normal, databaseEnabled=false, handlesAlerts=true, version=70.0.3538.77, browserConnectionEnabled=false, nativeEvents=true, locationContextEnabled=true, cssSelectorsEnabled=true}]
Session ID: 98f44e058a9d40b71994d0612e54877c
*** Element info: {Using=id, value=download_now}">
      <![CDATA[org.openqa.selenium.NoSuchElementException: no such element: Unable to locate element: {"method":"id","selector":"download_now"}
  (Session info: chrome=70.0.3538.77)
  (Driver info: chromedriver=2.41.578737 (49da6702b16031c40d63e5618de03a32ff6c197e),platform=Windows NT 6.3.9600 x86_64) (WARNING: The server did not provide any stacktrace information)
Command duration or timeout: 0 milliseconds
For documentation on this error, please visit: http://seleniumhq.org/exceptions/no_such_element.html
Build info: version: '3.5.3', revision: 'a88d25fe6b', time: '2017-08-29T12:42:44.417Z'
System info: host: 'ASUS', ip: '169.254.34.60', os.name: 'Windows 8.1', os.arch: 'amd64', os.version: '6.3', java.version: '1.8.0_73'
Driver info: org.openqa.selenium.chrome.ChromeDriver
Capabilities [{mobileEmulationEnabled=false, hasTouchScreen=false, platform=WIN8_1, acceptSslCerts=false, goog:chromeOptions={debuggerAddress=localhost:16185}, acceptInsecureCerts=false, webStorageEnabled=true, browserName=chrome, takesScreenshot=true, javascriptEnabled=true, platformName=WIN8_1, setWindowRect=true, unexpectedAlertBehaviour=, applicationCacheEnabled=false, rotatable=false, networkConnectionEnabled=false, chrome={chromedriverVersion=2.41.578737 (49da6702b16031c40d63e5618de03a32ff6c197e), userDataDir=C:\Users\ASUSPC~1\AppData\Local\Temp\scoped_dir6764_31870}, takesHeapSnapshot=true, unhandledPromptBehavior=, pageLoadStrategy=normal, databaseEnabled=false, handlesAlerts=true, version=70.0.3538.77, browserConnectionEnabled=false, nativeEvents=true, locationContextEnabled=true, cssSelectorsEnabled=true}]
Session ID: 98f44e058a9d40b71994d0612e54877c
*** Element info: {Using=id, value=download_now}
	at sun.reflect.NativeConstructorAccessorImpl.newInstance0(Native Method)
	at sun.reflect.NativeConstructorAccessorImpl.newInstance(NativeConstructorAccessorImpl.java:62)
	at sun.reflect.DelegatingConstructorAccessorImpl.newInstance(DelegatingConstructorAccessorImpl.java:45)
	at java.lang.reflect.Constructor.newInstance(Constructor.java:422)
	at org.openqa.selenium.remote.ErrorHandler.createThrowable(ErrorHandler.java:215)
	at org.openqa.selenium.remote.ErrorHandler.throwIfResponseFailed(ErrorHandler.java:167)
	at org.openqa.selenium.remote.http.JsonHttpResponseCodec.reconstructValue(JsonHttpResponseCodec.java:40)
	at org.openqa.selenium.remote.http.AbstractHttpResponseCodec.decode(AbstractHttpResponseCodec.java:82)
	at org.openqa.selenium.remote.http.AbstractHttpResponseCodec.decode(AbstractHttpResponseCodec.java:45)
	at org.openqa.selenium.remote.HttpCommandExecutor.execute(HttpCommandExecutor.java:164)
	at org.openqa.selenium.remote.service.DriverCommandExecutor.execute(DriverCommandExecutor.java:82)
	at org.openqa.selenium.remote.RemoteWebDriver.execute(RemoteWebDriver.java:646)
	at org.openqa.selenium.remote.RemoteWebDriver.findElement(RemoteWebDriver.java:416)
	at org.openqa.selenium.remote.RemoteWebDriver.findElementById(RemoteWebDriver.java:462)
	at org.openqa.selenium.By$ById.findElement(By.java:218)
	at org.openqa.selenium.remote.RemoteWebDriver.findElement(RemoteWebDriver.java:408)
	at org.openqa.selenium.support.pagefactory.DefaultElementLocator.findElement(DefaultElementLocator.java:69)
	at org.openqa.selenium.support.pagefactory.internal.LocatingElementHandler.invoke(LocatingElementHandler.java:38)
	at com.sun.proxy.$Proxy10.getCoordinates(Unknown Source)
	at org.openqa.selenium.interactions.internal.MouseAction.getActionLocation(MouseAction.java:67)
	at org.openqa.selenium.interactions.MoveMouseAction.perform(MoveMouseAction.java:43)
	at org.openqa.selenium.interactions.CompositeAction.perform(CompositeAction.java:36)
	at org.openqa.selenium.interactions.Actions$BuiltAction.perform(Actions.java:641)
	at Pages.DemoTooltipPage.moveMouseOverDownload(DemoTooltipPage.java:31)
	at Tests.ToolTipTest.verifyLinkText(ToolTipTest.java:28)
	at sun.reflect.NativeMethodAccessorImpl.invoke0(Native Method)
	at sun.reflect.NativeMethodAccessorImpl.invoke(NativeMethodAccessorImpl.java:62)
	at sun.reflect.DelegatingMethodAccessorImpl.invoke(DelegatingMethodAccessorImpl.java:43)
	at java.lang.reflect.Method.invoke(Method.java:497)
	at org.testng.internal.MethodInvocationHelper.invokeMethod(MethodInvocationHelper.java:80)
	at org.testng.internal.Invoker.invokeMethod(Invoker.java:714)
	at org.testng.internal.Invoker.invokeTestMethod(Invoker.java:901)
	at org.testng.internal.Invoker.invokeTestMethods(Invoker.java:1231)
	at org.testng.internal.TestMethodWorker.invokeTestMethods(TestMethodWorker.java:127)
	at org.testng.internal.TestMethodWorker.run(TestMethodWorker.java:111)
	at org.testng.TestRunner.privateRun(TestRunner.java:767)
	at org.testng.TestRunner.run(TestRunner.java:617)
	at org.testng.SuiteRunner.runTest(SuiteRunner.java:334)
	at org.testng.SuiteRunner.runSequentially(SuiteRunner.java:329)
	at org.testng.SuiteRunner.privateRun(SuiteRunner.java:291)
	at org.testng.SuiteRunner.run(SuiteRunner.java:240)
	at org.testng.SuiteRunnerWorker.runSuite(SuiteRunnerWorker.java:52)
	at org.testng.SuiteRunnerWorker.run(SuiteRunnerWorker.java:86)
	at org.testng.TestNG.runSuitesSequentially(TestNG.java:1198)
	at org.testng.TestNG.runSuitesLocally(TestNG.java:1123)
	at org.testng.TestNG.run(TestNG.java:1031)
	at org.testng.remote.AbstractRemoteTestNG.run(AbstractRemoteTestNG.java:114)
	at org.testng.remote.RemoteTestNG.initAndRun(RemoteTestNG.java:251)
	at org.testng.remote.RemoteTestNG.main(RemoteTestNG.java:77)
]]>
    </failure>
  </testcase> <!-- verifyLinkText -->
  <testcase name="printCities" time="0.006" classname="Tests.MakeMyTripTest">
    <skipped/>
  </testcase> <!-- printCities -->
  <testcase name="successfulDeposit" time="0.015" classname="Tests.DepositTest">
    <skipped/>
  </testcase> <!-- successfulDeposit -->
  <testcase name="clickKolkata" time="0.0" classname="Tests.MakeMyTripTest">
    <skipped/>
  </testcase> <!-- clickKolkata -->
  <testcase name="selectFrLanguage" time="0.002" classname="Tests.SyngentaTest">
    <skipped/>
  </testcase> <!-- selectFrLanguage -->
</testsuite> <!-- Default test -->
