<?xml version="1.0" encoding="UTF-8"?>
<!-- Generated by org.testng.reporters.JUnitXMLReporter -->
<testsuite hostname="asus" name="Test" tests="6" failures="2" timestamp="5 Sep 2018 07:39:28 GMT" time="163.143" errors="0">
  <testcase name="successfulDeposit" time="26.351" classname="Tests.DepositTest">
    <failure type="java.lang.AssertionError" message="expected [false] but found [true]">
      <![CDATA[java.lang.AssertionError: expected [false] but found [true]
	at Tests.DepositTest.successfulDeposit(DepositTest.java:66)
... Removed 29 stack frames]]>
    </failure>
  </testcase> <!-- successfulDeposit -->
  <testcase name="invalidUsernamePassword" time="1.233" classname="Tests.LoginTest"/>
  <testcase name="invalidUsernameValidPassword" time="8.438" classname="Tests.LoginTest"/>
  <testcase name="validUsernameInvalidPassword" time="7.786" classname="Tests.LoginTest"/>
  <testcase name="validUsernamePassword" time="11.796" classname="Tests.LoginTest"/>
  <testcase name="successfulCustomerAdd" time="17.237" classname="Tests.NewCustomerTest">
    <failure type="junit.framework.AssertionFailedError" message="expected:&amp;lt;true&amp;gt; but was:&amp;lt;false&amp;gt;">
      <![CDATA[junit.framework.AssertionFailedError: expected:<true> but was:<false>
	at junit.framework.Assert.fail(Assert.java:47)
	at junit.framework.Assert.failNotEquals(Assert.java:282)
	at junit.framework.Assert.assertEquals(Assert.java:64)
	at junit.framework.Assert.assertEquals(Assert.java:149)
	at junit.framework.Assert.assertEquals(Assert.java:155)
	at Tests.NewCustomerTest.successfulCustomerAdd(NewCustomerTest.java:79)
... Removed 24 stack frames]]>
    </failure>
  </testcase> <!-- successfulCustomerAdd -->
</testsuite> <!-- Test -->
