<?xml version="1.0" encoding="UTF-8"?>
<testng-results skipped="6" failed="0" total="6" passed="0">
  <reporter-output>
  </reporter-output>
  <suite name="Command line suite" duration-ms="2171" started-at="2018-09-11T10:47:37Z" finished-at="2018-09-11T10:47:39Z">
    <groups>
    </groups>
    <test name="Command line test" duration-ms="2171" started-at="2018-09-11T10:47:37Z" finished-at="2018-09-11T10:47:39Z">
      <class name="Tests.DepositTest">
        <test-method status="PASS" signature="setupChromeDriver()[pri:0, instance:Tests.DepositTest@29774679]" name="setupChromeDriver" is-config="true" duration-ms="21" started-at="2018-09-11T16:17:37Z" finished-at="2018-09-11T16:17:37Z">
          <reporter-output>
          </reporter-output>
        </test-method> <!-- setupChromeDriver -->
        <test-method status="FAIL" signature="runDriver()[pri:0, instance:Tests.DepositTest@29774679]" name="runDriver" is-config="true" duration-ms="0" started-at="2018-09-11T16:17:37Z" finished-at="2018-09-11T16:17:37Z">
          <exception class="org.openqa.selenium.WebDriverException">
            <message>
              <![CDATA[unknown error: cannot find Chrome binary
  (Driver info: chromedriver=2.40.565498 (ea082db3280dd6843ebfb08a625e3eb905c4f5ab),platform=Windows NT 6.3.9600 x86_64) (WARNING: The server did not provide any stacktrace information)
Command duration or timeout: 122 milliseconds
Build info: version: '3.5.3', revision: 'a88d25fe6b', time: '2017-08-29T12:42:44.417Z'
System info: host: 'ASUS', ip: '169.254.34.60', os.name: 'Windows 8.1', os.arch: 'amd64', os.version: '6.3', java.version: '1.8.0_73'
Driver info: driver.version: ChromeDriver]]>
            </message>
            <full-stacktrace>
              <![CDATA[org.openqa.selenium.WebDriverException: unknown error: cannot find Chrome binary
  (Driver info: chromedriver=2.40.565498 (ea082db3280dd6843ebfb08a625e3eb905c4f5ab),platform=Windows NT 6.3.9600 x86_64) (WARNING: The server did not provide any stacktrace information)
Command duration or timeout: 122 milliseconds
Build info: version: '3.5.3', revision: 'a88d25fe6b', time: '2017-08-29T12:42:44.417Z'
System info: host: 'ASUS', ip: '169.254.34.60', os.name: 'Windows 8.1', os.arch: 'amd64', os.version: '6.3', java.version: '1.8.0_73'
Driver info: driver.version: ChromeDriver
	at sun.reflect.NativeConstructorAccessorImpl.newInstance0(Native Method)
	at sun.reflect.NativeConstructorAccessorImpl.newInstance(NativeConstructorAccessorImpl.java:62)
	at sun.reflect.DelegatingConstructorAccessorImpl.newInstance(DelegatingConstructorAccessorImpl.java:45)
	at java.lang.reflect.Constructor.newInstance(Constructor.java:422)
	at org.openqa.selenium.remote.ErrorHandler.createThrowable(ErrorHandler.java:215)
	at org.openqa.selenium.remote.ErrorHandler.throwIfResponseFailed(ErrorHandler.java:167)
	at org.openqa.selenium.remote.JsonWireProtocolResponse.lambda$new$0(JsonWireProtocolResponse.java:53)
	at org.openqa.selenium.remote.JsonWireProtocolResponse.lambda$getResponseFunction$2(JsonWireProtocolResponse.java:91)
	at org.openqa.selenium.remote.ProtocolHandshake.lambda$createSession$24(ProtocolHandshake.java:359)
	at java.util.stream.ReferencePipeline$3$1.accept(ReferencePipeline.java:193)
	at java.util.Spliterators$ArraySpliterator.tryAdvance(Spliterators.java:958)
	at java.util.stream.ReferencePipeline.forEachWithCancel(ReferencePipeline.java:126)
	at java.util.stream.AbstractPipeline.copyIntoWithCancel(AbstractPipeline.java:498)
	at java.util.stream.AbstractPipeline.copyInto(AbstractPipeline.java:485)
	at java.util.stream.AbstractPipeline.wrapAndCopyInto(AbstractPipeline.java:471)
	at java.util.stream.FindOps$FindOp.evaluateSequential(FindOps.java:152)
	at java.util.stream.AbstractPipeline.evaluate(AbstractPipeline.java:234)
	at java.util.stream.ReferencePipeline.findFirst(ReferencePipeline.java:464)
	at org.openqa.selenium.remote.ProtocolHandshake.createSession(ProtocolHandshake.java:362)
	at org.openqa.selenium.remote.ProtocolHandshake.createSession(ProtocolHandshake.java:136)
	at org.openqa.selenium.remote.HttpCommandExecutor.execute(HttpCommandExecutor.java:142)
	at org.openqa.selenium.remote.service.DriverCommandExecutor.execute(DriverCommandExecutor.java:82)
	at org.openqa.selenium.remote.RemoteWebDriver.execute(RemoteWebDriver.java:646)
	at org.openqa.selenium.remote.RemoteWebDriver.startSession(RemoteWebDriver.java:255)
	at org.openqa.selenium.remote.RemoteWebDriver.startSession(RemoteWebDriver.java:237)
	at org.openqa.selenium.remote.RemoteWebDriver.<init>(RemoteWebDriver.java:138)
	at org.openqa.selenium.chrome.ChromeDriver.<init>(ChromeDriver.java:178)
	at org.openqa.selenium.chrome.ChromeDriver.<init>(ChromeDriver.java:167)
	at org.openqa.selenium.chrome.ChromeDriver.<init>(ChromeDriver.java:124)
	at DriverInstance.BaseClass.runDriver(BaseClass.java:31)
	at sun.reflect.NativeMethodAccessorImpl.invoke0(Native Method)
	at sun.reflect.NativeMethodAccessorImpl.invoke(NativeMethodAccessorImpl.java:62)
	at sun.reflect.DelegatingMethodAccessorImpl.invoke(DelegatingMethodAccessorImpl.java:43)
	at java.lang.reflect.Method.invoke(Method.java:497)
	at org.testng.internal.MethodInvocationHelper.invokeMethod(MethodInvocationHelper.java:80)
	at org.testng.internal.Invoker.invokeConfigurationMethod(Invoker.java:564)
	at org.testng.internal.Invoker.invokeConfigurations(Invoker.java:213)
	at org.testng.internal.Invoker.invokeConfigurations(Invoker.java:138)
	at org.testng.internal.TestMethodWorker.invokeBeforeClassMethods(TestMethodWorker.java:175)
	at org.testng.internal.TestMethodWorker.run(TestMethodWorker.java:107)
	at org.testng.TestRunner.privateRun(TestRunner.java:767)
	at org.testng.TestRunner.run(TestRunner.java:617)
	at org.testng.SuiteRunner.runTest(SuiteRunner.java:334)
	at org.testng.SuiteRunner.runSequentially(SuiteRunner.java:329)
	at org.testng.SuiteRunner.privateRun(SuiteRunner.java:291)
	at org.testng.SuiteRunner.run(SuiteRunner.java:240)
	at org.testng.SuiteRunnerWorker.runSuite(SuiteRunnerWorker.java:52)
	at org.testng.SuiteRunnerWorker.run(SuiteRunnerWorker.java:86)
	at org.testng.TestNG.runSuitesSequentially(TestNG.java:1198)
	at org.testng.TestNG.runSuitesLocally(TestNG.java:1123)
	at org.testng.TestNG.run(TestNG.java:1031)
	at org.apache.maven.surefire.testng.TestNGExecutor.run(TestNGExecutor.java:77)
	at org.apache.maven.surefire.testng.TestNGDirectoryTestSuite.executeMulti(TestNGDirectoryTestSuite.java:159)
	at org.apache.maven.surefire.testng.TestNGDirectoryTestSuite.execute(TestNGDirectoryTestSuite.java:99)
	at org.apache.maven.surefire.testng.TestNGProvider.invoke(TestNGProvider.java:106)
	at sun.reflect.NativeMethodAccessorImpl.invoke0(Native Method)
	at sun.reflect.NativeMethodAccessorImpl.invoke(NativeMethodAccessorImpl.java:62)
	at sun.reflect.DelegatingMethodAccessorImpl.invoke(DelegatingMethodAccessorImpl.java:43)
	at java.lang.reflect.Method.invoke(Method.java:497)
	at org.apache.maven.surefire.util.ReflectionUtils.invokeMethodWithArray(ReflectionUtils.java:189)
	at org.apache.maven.surefire.booter.ProviderFactory$ProviderProxy.invoke(ProviderFactory.java:165)
	at org.apache.maven.surefire.booter.ProviderFactory.invokeProvider(ProviderFactory.java:85)
	at org.apache.maven.surefire.booter.ForkedBooter.runSuitesInProcess(ForkedBooter.java:115)
	at org.apache.maven.surefire.booter.ForkedBooter.main(ForkedBooter.java:75)
]]>
            </full-stacktrace>
          </exception> <!-- org.openqa.selenium.WebDriverException -->
          <reporter-output>
          </reporter-output>
        </test-method> <!-- runDriver -->
        <test-method status="SKIP" signature="successfulDeposit()[pri:0, instance:Tests.DepositTest@29774679]" name="successfulDeposit" duration-ms="357" started-at="2018-09-11T16:17:38Z" finished-at="2018-09-11T16:17:39Z">
          <reporter-output>
          </reporter-output>
        </test-method> <!-- successfulDeposit -->
        <test-method status="SKIP" signature="close()[pri:0, instance:Tests.DepositTest@29774679]" name="close" is-config="true" duration-ms="0" started-at="2018-09-11T16:17:39Z" finished-at="2018-09-11T16:17:39Z">
          <reporter-output>
          </reporter-output>
        </test-method> <!-- close -->
      </class> <!-- Tests.DepositTest -->
      <class name="Tests.NewCustomerTest">
        <test-method status="SKIP" signature="runDriver()[pri:0, instance:Tests.NewCustomerTest@1bce4f0a]" name="runDriver" is-config="true" duration-ms="0" started-at="2018-09-11T16:17:39Z" finished-at="2018-09-11T16:17:39Z">
          <reporter-output>
          </reporter-output>
        </test-method> <!-- runDriver -->
        <test-method status="SKIP" signature="successfulCustomerAdd()[pri:0, instance:Tests.NewCustomerTest@1bce4f0a]" name="successfulCustomerAdd" duration-ms="1" started-at="2018-09-11T16:17:39Z" finished-at="2018-09-11T16:17:39Z">
          <reporter-output>
          </reporter-output>
        </test-method> <!-- successfulCustomerAdd -->
        <test-method status="SKIP" signature="close()[pri:0, instance:Tests.NewCustomerTest@1bce4f0a]" name="close" is-config="true" duration-ms="0" started-at="2018-09-11T16:17:39Z" finished-at="2018-09-11T16:17:39Z">
          <reporter-output>
          </reporter-output>
        </test-method> <!-- close -->
      </class> <!-- Tests.NewCustomerTest -->
      <class name="Tests.LoginTest">
        <test-method status="SKIP" signature="setup()[pri:0, instance:Tests.LoginTest@5c3bd550]" name="setup" is-config="true" duration-ms="0" started-at="2018-09-11T16:17:39Z" finished-at="2018-09-11T16:17:39Z">
          <reporter-output>
          </reporter-output>
        </test-method> <!-- setup -->
        <test-method status="SKIP" signature="runDriver()[pri:0, instance:Tests.LoginTest@5c3bd550]" name="runDriver" is-config="true" duration-ms="0" started-at="2018-09-11T16:17:39Z" finished-at="2018-09-11T16:17:39Z">
          <reporter-output>
          </reporter-output>
        </test-method> <!-- runDriver -->
        <test-method status="SKIP" signature="invalidUsernamePassword()[pri:0, instance:Tests.LoginTest@5c3bd550]" name="invalidUsernamePassword" duration-ms="3" started-at="2018-09-11T16:17:39Z" finished-at="2018-09-11T16:17:39Z">
          <reporter-output>
          </reporter-output>
        </test-method> <!-- invalidUsernamePassword -->
        <test-method status="SKIP" signature="invalidUsernameValidPassword()[pri:0, instance:Tests.LoginTest@5c3bd550]" name="invalidUsernameValidPassword" duration-ms="1" started-at="2018-09-11T16:17:39Z" finished-at="2018-09-11T16:17:39Z">
          <reporter-output>
          </reporter-output>
        </test-method> <!-- invalidUsernameValidPassword -->
        <test-method status="SKIP" signature="validUsernameInvalidPassword()[pri:0, instance:Tests.LoginTest@5c3bd550]" name="validUsernameInvalidPassword" duration-ms="1" started-at="2018-09-11T16:17:39Z" finished-at="2018-09-11T16:17:39Z">
          <reporter-output>
          </reporter-output>
        </test-method> <!-- validUsernameInvalidPassword -->
        <test-method status="SKIP" signature="validUsernamePassword()[pri:0, instance:Tests.LoginTest@5c3bd550]" name="validUsernamePassword" duration-ms="1" started-at="2018-09-11T16:17:39Z" finished-at="2018-09-11T16:17:39Z">
          <reporter-output>
          </reporter-output>
        </test-method> <!-- validUsernamePassword -->
        <test-method status="SKIP" signature="close()[pri:0, instance:Tests.LoginTest@5c3bd550]" name="close" is-config="true" duration-ms="0" started-at="2018-09-11T16:17:39Z" finished-at="2018-09-11T16:17:39Z">
          <reporter-output>
          </reporter-output>
        </test-method> <!-- close -->
      </class> <!-- Tests.LoginTest -->
    </test> <!-- Command line test -->
  </suite> <!-- Command line suite -->
</testng-results>
