<?xml version="1.0" encoding="UTF-8"?>
<testng-results skipped="0" failed="2" total="6" passed="4">
  <reporter-output>
  </reporter-output>
  <suite name="Default suite" duration-ms="135065" started-at="2018-09-11T06:13:44Z" finished-at="2018-09-11T06:15:59Z">
    <groups>
    </groups>
    <test name="Default test" duration-ms="135065" started-at="2018-09-11T06:13:44Z" finished-at="2018-09-11T06:15:59Z">
      <class name="Tests.DepositTest">
        <test-method status="PASS" signature="runDriver()[pri:0, instance:Tests.DepositTest@5bc79255]" name="runDriver" is-config="true" duration-ms="16280" started-at="2018-09-11T11:45:27Z" finished-at="2018-09-11T11:45:43Z">
          <reporter-output>
          </reporter-output>
        </test-method> <!-- runDriver -->
        <test-method status="FAIL" signature="successfulDeposit()[pri:0, instance:Tests.DepositTest@5bc79255]" name="successfulDeposit" duration-ms="12236" started-at="2018-09-11T11:45:43Z" finished-at="2018-09-11T11:45:55Z">
          <exception class="java.lang.AssertionError">
            <message>
              <![CDATA[expected [false] but found [true]]]>
            </message>
            <full-stacktrace>
              <![CDATA[java.lang.AssertionError: expected [false] but found [true]
	at org.testng.Assert.fail(Assert.java:94)
	at org.testng.Assert.failNotEquals(Assert.java:494)
	at org.testng.Assert.assertEquals(Assert.java:123)
	at org.testng.Assert.assertEquals(Assert.java:286)
	at org.testng.Assert.assertEquals(Assert.java:296)
	at Tests.DepositTest.successfulDeposit(DepositTest.java:66)
	at sun.reflect.NativeMethodAccessorImpl.invoke0(Native Method)
	at sun.reflect.NativeMethodAccessorImpl.invoke(NativeMethodAccessorImpl.java:62)
	at sun.reflect.DelegatingMethodAccessorImpl.invoke(DelegatingMethodAccessorImpl.java:43)
	at java.lang.reflect.Method.invoke(Method.java:497)
	at org.testng.internal.MethodInvocationHelper.invokeMethod(MethodInvocationHelper.java:80)
	at org.testng.internal.Invoker.invokeMethod(Invoker.java:714)
	at org.testng.internal.Invoker.invokeTestMethod(Invoker.java:901)
	at org.testng.internal.Invoker.invokeTestMethods(Invoker.java:1231)
	at org.testng.internal.TestMethodWorker.invokeTestMethods(TestMethodWorker.java:127)
	at org.testng.internal.TestMethodWorker.run(TestMethodWorker.java:111)
	at org.testng.TestRunner.privateRun(TestRunner.java:767)
	at org.testng.TestRunner.run(TestRunner.java:617)
	at org.testng.SuiteRunner.runTest(SuiteRunner.java:334)
	at org.testng.SuiteRunner.runSequentially(SuiteRunner.java:329)
	at org.testng.SuiteRunner.privateRun(SuiteRunner.java:291)
	at org.testng.SuiteRunner.run(SuiteRunner.java:240)
	at org.testng.SuiteRunnerWorker.runSuite(SuiteRunnerWorker.java:52)
	at org.testng.SuiteRunnerWorker.run(SuiteRunnerWorker.java:86)
	at org.testng.TestNG.runSuitesSequentially(TestNG.java:1198)
	at org.testng.TestNG.runSuitesLocally(TestNG.java:1123)
	at org.testng.TestNG.run(TestNG.java:1031)
	at org.testng.remote.AbstractRemoteTestNG.run(AbstractRemoteTestNG.java:114)
	at org.testng.remote.RemoteTestNG.initAndRun(RemoteTestNG.java:251)
	at org.testng.remote.RemoteTestNG.main(RemoteTestNG.java:77)
]]>
            </full-stacktrace>
          </exception> <!-- java.lang.AssertionError -->
          <reporter-output>
          </reporter-output>
        </test-method> <!-- successfulDeposit -->
        <test-method status="PASS" signature="close()[pri:0, instance:Tests.DepositTest@5bc79255]" name="close" is-config="true" duration-ms="350" started-at="2018-09-11T11:45:58Z" finished-at="2018-09-11T11:45:59Z">
          <reporter-output>
          </reporter-output>
        </test-method> <!-- close -->
      </class> <!-- Tests.DepositTest -->
      <class name="ListenersClass.TestListner">
        <test-method status="PASS" signature="setupChromeDriver()[pri:0, instance:ListenersClass.TestListner@7b49cea0]" name="setupChromeDriver" is-config="true" duration-ms="12" started-at="2018-09-11T11:43:44Z" finished-at="2018-09-11T11:43:44Z">
          <reporter-output>
          </reporter-output>
        </test-method> <!-- setupChromeDriver -->
      </class> <!-- ListenersClass.TestListner -->
      <class name="Tests.NewCustomerTest">
        <test-method status="PASS" signature="runDriver()[pri:0, instance:Tests.NewCustomerTest@3dd4520b]" name="runDriver" is-config="true" duration-ms="26035" started-at="2018-09-11T11:43:44Z" finished-at="2018-09-11T11:44:10Z">
          <reporter-output>
          </reporter-output>
        </test-method> <!-- runDriver -->
        <test-method status="FAIL" signature="successfulCustomerAdd()[pri:0, instance:Tests.NewCustomerTest@3dd4520b]" name="successfulCustomerAdd" duration-ms="21895" started-at="2018-09-11T11:44:10Z" finished-at="2018-09-11T11:44:32Z">
          <exception class="java.lang.AssertionError">
            <message>
              <![CDATA[expected [false] but found [true]]]>
            </message>
            <full-stacktrace>
              <![CDATA[java.lang.AssertionError: expected [false] but found [true]
	at org.testng.Assert.fail(Assert.java:94)
	at org.testng.Assert.failNotEquals(Assert.java:494)
	at org.testng.Assert.assertEquals(Assert.java:123)
	at org.testng.Assert.assertEquals(Assert.java:286)
	at org.testng.Assert.assertEquals(Assert.java:296)
	at Tests.NewCustomerTest.successfulCustomerAdd(NewCustomerTest.java:81)
	at sun.reflect.NativeMethodAccessorImpl.invoke0(Native Method)
	at sun.reflect.NativeMethodAccessorImpl.invoke(NativeMethodAccessorImpl.java:62)
	at sun.reflect.DelegatingMethodAccessorImpl.invoke(DelegatingMethodAccessorImpl.java:43)
	at java.lang.reflect.Method.invoke(Method.java:497)
	at org.testng.internal.MethodInvocationHelper.invokeMethod(MethodInvocationHelper.java:80)
	at org.testng.internal.Invoker.invokeMethod(Invoker.java:714)
	at org.testng.internal.Invoker.invokeTestMethod(Invoker.java:901)
	at org.testng.internal.Invoker.invokeTestMethods(Invoker.java:1231)
	at org.testng.internal.TestMethodWorker.invokeTestMethods(TestMethodWorker.java:127)
	at org.testng.internal.TestMethodWorker.run(TestMethodWorker.java:111)
	at org.testng.TestRunner.privateRun(TestRunner.java:767)
	at org.testng.TestRunner.run(TestRunner.java:617)
	at org.testng.SuiteRunner.runTest(SuiteRunner.java:334)
	at org.testng.SuiteRunner.runSequentially(SuiteRunner.java:329)
	at org.testng.SuiteRunner.privateRun(SuiteRunner.java:291)
	at org.testng.SuiteRunner.run(SuiteRunner.java:240)
	at org.testng.SuiteRunnerWorker.runSuite(SuiteRunnerWorker.java:52)
	at org.testng.SuiteRunnerWorker.run(SuiteRunnerWorker.java:86)
	at org.testng.TestNG.runSuitesSequentially(TestNG.java:1198)
	at org.testng.TestNG.runSuitesLocally(TestNG.java:1123)
	at org.testng.TestNG.run(TestNG.java:1031)
	at org.testng.remote.AbstractRemoteTestNG.run(AbstractRemoteTestNG.java:114)
	at org.testng.remote.RemoteTestNG.initAndRun(RemoteTestNG.java:251)
	at org.testng.remote.RemoteTestNG.main(RemoteTestNG.java:77)
]]>
            </full-stacktrace>
          </exception> <!-- java.lang.AssertionError -->
          <reporter-output>
          </reporter-output>
        </test-method> <!-- successfulCustomerAdd -->
        <test-method status="PASS" signature="close()[pri:0, instance:Tests.NewCustomerTest@3dd4520b]" name="close" is-config="true" duration-ms="2105" started-at="2018-09-11T11:44:37Z" finished-at="2018-09-11T11:44:39Z">
          <reporter-output>
          </reporter-output>
        </test-method> <!-- close -->
      </class> <!-- Tests.NewCustomerTest -->
      <class name="Tests.LoginTest">
        <test-method status="PASS" signature="runDriver()[pri:0, instance:Tests.LoginTest@23e028a9]" name="runDriver" is-config="true" duration-ms="20166" started-at="2018-09-11T11:44:39Z" finished-at="2018-09-11T11:44:59Z">
          <reporter-output>
          </reporter-output>
        </test-method> <!-- runDriver -->
        <test-method status="PASS" signature="setup()[pri:0, instance:Tests.LoginTest@23e028a9]" name="setup" is-config="true" duration-ms="1" started-at="2018-09-11T11:44:59Z" finished-at="2018-09-11T11:44:59Z">
          <reporter-output>
          </reporter-output>
        </test-method> <!-- setup -->
        <test-method status="PASS" signature="invalidUsernamePassword()[pri:0, instance:Tests.LoginTest@23e028a9]" name="invalidUsernamePassword" duration-ms="1367" started-at="2018-09-11T11:44:59Z" finished-at="2018-09-11T11:45:00Z">
          <reporter-output>
          </reporter-output>
        </test-method> <!-- invalidUsernamePassword -->
        <test-method status="PASS" signature="invalidUsernameValidPassword()[pri:0, instance:Tests.LoginTest@23e028a9]" name="invalidUsernameValidPassword" duration-ms="7076" started-at="2018-09-11T11:45:00Z" finished-at="2018-09-11T11:45:07Z">
          <reporter-output>
          </reporter-output>
        </test-method> <!-- invalidUsernameValidPassword -->
        <test-method status="PASS" signature="validUsernameInvalidPassword()[pri:0, instance:Tests.LoginTest@23e028a9]" name="validUsernameInvalidPassword" duration-ms="8044" started-at="2018-09-11T11:45:07Z" finished-at="2018-09-11T11:45:15Z">
          <reporter-output>
          </reporter-output>
        </test-method> <!-- validUsernameInvalidPassword -->
        <test-method status="PASS" signature="validUsernamePassword()[pri:0, instance:Tests.LoginTest@23e028a9]" name="validUsernamePassword" duration-ms="10850" started-at="2018-09-11T11:45:15Z" finished-at="2018-09-11T11:45:26Z">
          <reporter-output>
          </reporter-output>
        </test-method> <!-- validUsernamePassword -->
        <test-method status="PASS" signature="close()[pri:0, instance:Tests.LoginTest@23e028a9]" name="close" is-config="true" duration-ms="701" started-at="2018-09-11T11:45:26Z" finished-at="2018-09-11T11:45:27Z">
          <reporter-output>
          </reporter-output>
        </test-method> <!-- close -->
      </class> <!-- Tests.LoginTest -->
    </test> <!-- Default test -->
  </suite> <!-- Default suite -->
</testng-results>
