<?xml version="1.0" encoding="UTF-8"?>
<testng-results skipped="0" failed="1" total="1" passed="0">
  <reporter-output>
  </reporter-output>
  <suite name="Default suite" duration-ms="79612" started-at="2018-09-12T05:52:53Z" finished-at="2018-09-12T05:54:13Z">
    <groups>
    </groups>
    <test name="Default test" duration-ms="79612" started-at="2018-09-12T05:52:53Z" finished-at="2018-09-12T05:54:13Z">
      <class name="Tests.DepositTest">
        <test-method status="PASS" signature="runDriver()[pri:0, instance:Tests.DepositTest@5bc79255]" name="runDriver" is-config="true" duration-ms="43097" started-at="2018-09-12T11:22:54Z" finished-at="2018-09-12T11:23:37Z">
          <reporter-output>
          </reporter-output>
        </test-method> <!-- runDriver -->
        <test-method status="FAIL" signature="successfulDeposit()[pri:0, instance:Tests.DepositTest@5bc79255]" name="successfulDeposit" duration-ms="29779" started-at="2018-09-12T11:23:37Z" finished-at="2018-09-12T11:24:06Z">
          <exception class="java.lang.AssertionError">
            <message>
              <![CDATA[expected [false] but found [true]]]>
            </message>
            <full-stacktrace>
              <![CDATA[java.lang.AssertionError: expected [false] but found [true]
	at org.testng.Assert.fail(Assert.java:94)
	at org.testng.Assert.failNotEquals(Assert.java:494)
	at org.testng.Assert.assertEquals(Assert.java:123)
	at org.testng.Assert.assertEquals(Assert.java:286)
	at org.testng.Assert.assertEquals(Assert.java:296)
	at Tests.DepositTest.successfulDeposit(DepositTest.java:67)
	at sun.reflect.NativeMethodAccessorImpl.invoke0(Native Method)
	at sun.reflect.NativeMethodAccessorImpl.invoke(NativeMethodAccessorImpl.java:62)
	at sun.reflect.DelegatingMethodAccessorImpl.invoke(DelegatingMethodAccessorImpl.java:43)
	at java.lang.reflect.Method.invoke(Method.java:497)
	at org.testng.internal.MethodInvocationHelper.invokeMethod(MethodInvocationHelper.java:80)
	at org.testng.internal.Invoker.invokeMethod(Invoker.java:714)
	at org.testng.internal.Invoker.invokeTestMethod(Invoker.java:901)
	at org.testng.internal.Invoker.invokeTestMethods(Invoker.java:1231)
	at org.testng.internal.TestMethodWorker.invokeTestMethods(TestMethodWorker.java:127)
	at org.testng.internal.TestMethodWorker.run(TestMethodWorker.java:111)
	at org.testng.TestRunner.privateRun(TestRunner.java:767)
	at org.testng.TestRunner.run(TestRunner.java:617)
	at org.testng.SuiteRunner.runTest(SuiteRunner.java:334)
	at org.testng.SuiteRunner.runSequentially(SuiteRunner.java:329)
	at org.testng.SuiteRunner.privateRun(SuiteRunner.java:291)
	at org.testng.SuiteRunner.run(SuiteRunner.java:240)
	at org.testng.SuiteRunnerWorker.runSuite(SuiteRunnerWorker.java:52)
	at org.testng.SuiteRunnerWorker.run(SuiteRunnerWorker.java:86)
	at org.testng.TestNG.runSuitesSequentially(TestNG.java:1198)
	at org.testng.TestNG.runSuitesLocally(TestNG.java:1123)
	at org.testng.TestNG.run(TestNG.java:1031)
	at org.testng.remote.AbstractRemoteTestNG.run(AbstractRemoteTestNG.java:114)
	at org.testng.remote.RemoteTestNG.initAndRun(RemoteTestNG.java:251)
	at org.testng.remote.RemoteTestNG.main(RemoteTestNG.java:77)
]]>
            </full-stacktrace>
          </exception> <!-- java.lang.AssertionError -->
          <reporter-output>
          </reporter-output>
        </test-method> <!-- successfulDeposit -->
        <test-method status="PASS" signature="close()[pri:0, instance:Tests.DepositTest@5bc79255]" name="close" is-config="true" duration-ms="965" started-at="2018-09-12T11:24:12Z" finished-at="2018-09-12T11:24:13Z">
          <reporter-output>
          </reporter-output>
        </test-method> <!-- close -->
      </class> <!-- Tests.DepositTest -->
      <class name="ListenersClass.TestListner">
        <test-method status="PASS" signature="setupChromeDriver()[pri:0, instance:ListenersClass.TestListner@7b49cea0]" name="setupChromeDriver" is-config="true" duration-ms="37" started-at="2018-09-12T11:22:53Z" finished-at="2018-09-12T11:22:53Z">
          <reporter-output>
          </reporter-output>
        </test-method> <!-- setupChromeDriver -->
      </class> <!-- ListenersClass.TestListner -->
    </test> <!-- Default test -->
  </suite> <!-- Default suite -->
</testng-results>
